2023-02-11 11:04:54,002 [Worker-2: Loading available Gradle versions] INFO  o.e.b.c.i.u.g.PublishedGradleVersions - Gradle version information cache is out-of-date. Trying to update.
2023-02-12 10:14:42,240 [Worker-3: Loading available Gradle versions] INFO  o.e.b.c.i.u.g.PublishedGradleVersions - Gradle version information cache is up-to-date. Trying to read.
2023-02-25 09:43:18,222 [Worker-3: Loading available Gradle versions] INFO  o.e.b.c.i.u.g.PublishedGradleVersions - Gradle version information cache is up-to-date. Trying to read.
2023-02-26 09:55:25,864 [Worker-5: Loading available Gradle versions] INFO  o.e.b.c.i.u.g.PublishedGradleVersions - Gradle version information cache is out-of-date. Trying to update.
2023-03-11 09:12:07,089 [Worker-4: Loading available Gradle versions] INFO  o.e.b.c.i.u.g.PublishedGradleVersions - Gradle version information cache is up-to-date. Trying to read.
2023-03-12 10:09:35,550 [Worker-4: Loading available Gradle versions] INFO  o.e.b.c.i.u.g.PublishedGradleVersions - Gradle version information cache is out-of-date. Trying to update.
2023-03-18 09:46:53,445 [Worker-0: Loading available Gradle versions] INFO  o.e.b.c.i.u.g.PublishedGradleVersions - Gradle version information cache is up-to-date. Trying to read.
2023-03-19 09:59:57,913 [Worker-2: Loading available Gradle versions] INFO  o.e.b.c.i.u.g.PublishedGradleVersions - Gradle version information cache is up-to-date. Trying to read.
2023-03-19 11:19:00,847 [Worker-43: Debug Source Lookup] INFO  o.e.m.c.i.e.AbstractTransferListenerAdapter - Downloading https://repo.maven.apache.org/maven2/com/google/auto/auto-common/1.2.1/auto-common-1.2.1-sources.jar
2023-03-19 11:19:01,169 [Worker-43: Debug Source Lookup] INFO  o.e.m.c.i.e.AbstractTransferListenerAdapter - Downloaded https://repo.maven.apache.org/maven2/com/google/auto/auto-common/1.2.1/auto-common-1.2.1-sources.jar
2023-03-19 11:19:01,493 [Worker-43: Debug Source Lookup] INFO  o.e.m.c.i.e.AbstractTransferListenerAdapter - Downloading https://repo.maven.apache.org/maven2/eu/neilalexander/jnacl/1.0.0/jnacl-1.0.0-sources.jar
2023-03-19 11:19:01,632 [Worker-43: Debug Source Lookup] INFO  o.e.m.c.i.e.AbstractTransferListenerAdapter - Downloaded https://repo.maven.apache.org/maven2/eu/neilalexander/jnacl/1.0.0/jnacl-1.0.0-sources.jar
2023-03-19 11:19:01,835 [Worker-43: Debug Source Lookup] INFO  o.e.m.c.i.e.AbstractTransferListenerAdapter - Downloading https://repo.maven.apache.org/maven2/io/netty/netty-codec-socks/4.1.87.Final/netty-codec-socks-4.1.87.Final-sources.jar
2023-03-19 11:19:01,928 [Worker-43: Debug Source Lookup] INFO  o.e.m.c.i.e.AbstractTransferListenerAdapter - Downloaded https://repo.maven.apache.org/maven2/io/netty/netty-codec-socks/4.1.87.Final/netty-codec-socks-4.1.87.Final-sources.jar
2023-03-19 11:19:02,133 [Worker-43: Debug Source Lookup] INFO  o.e.m.c.i.e.AbstractTransferListenerAdapter - Downloading https://repo.maven.apache.org/maven2/io/netty/netty-handler-proxy/4.1.87.Final/netty-handler-proxy-4.1.87.Final-sources.jar
2023-03-19 11:19:02,293 [Worker-43: Debug Source Lookup] INFO  o.e.m.c.i.e.AbstractTransferListenerAdapter - Downloaded https://repo.maven.apache.org/maven2/io/netty/netty-handler-proxy/4.1.87.Final/netty-handler-proxy-4.1.87.Final-sources.jar
2023-03-19 11:19:02,653 [Worker-43: Debug Source Lookup] INFO  o.e.m.c.i.e.AbstractTransferListenerAdapter - Downloading https://repo.maven.apache.org/maven2/javax/servlet/javax.servlet-api/4.0.1/javax.servlet-api-4.0.1-sources.jar
2023-03-19 11:19:02,772 [Worker-43: Debug Source Lookup] INFO  o.e.m.c.i.e.AbstractTransferListenerAdapter - Downloaded https://repo.maven.apache.org/maven2/javax/servlet/javax.servlet-api/4.0.1/javax.servlet-api-4.0.1-sources.jar
2023-03-19 11:19:02,935 [Worker-43: Debug Source Lookup] INFO  o.e.m.c.i.e.AbstractTransferListenerAdapter - Downloading https://repo.maven.apache.org/maven2/org/antlr/antlr4-runtime/4.9.3/antlr4-runtime-4.9.3-sources.jar
2023-03-19 11:19:03,094 [Worker-43: Debug Source Lookup] INFO  o.e.m.c.i.e.AbstractTransferListenerAdapter - Downloaded https://repo.maven.apache.org/maven2/org/antlr/antlr4-runtime/4.9.3/antlr4-runtime-4.9.3-sources.jar
2023-03-19 11:19:03,312 [Worker-43: Debug Source Lookup] INFO  o.e.m.c.i.e.AbstractTransferListenerAdapter - Downloading https://repo.maven.apache.org/maven2/org/jctools/jctools-core/3.1.0/jctools-core-3.1.0-sources.jar
2023-03-19 11:19:03,523 [Worker-43: Debug Source Lookup] INFO  o.e.m.c.i.e.AbstractTransferListenerAdapter - Downloaded https://repo.maven.apache.org/maven2/org/jctools/jctools-core/3.1.0/jctools-core-3.1.0-sources.jar
2023-03-19 11:19:03,663 [Worker-43: Debug Source Lookup] INFO  o.e.m.c.i.e.AbstractTransferListenerAdapter - Downloading https://repo.maven.apache.org/maven2/org/slf4j/slf4j-api/2.0.6/slf4j-api-2.0.6-sources.jar
2023-03-19 11:19:03,756 [Worker-43: Debug Source Lookup] INFO  o.e.m.c.i.e.AbstractTransferListenerAdapter - Downloaded https://repo.maven.apache.org/maven2/org/slf4j/slf4j-api/2.0.6/slf4j-api-2.0.6-sources.jar
2023-03-19 11:19:03,894 [Worker-43: Debug Source Lookup] INFO  o.e.m.c.i.e.AbstractTransferListenerAdapter - Downloading https://repo.maven.apache.org/maven2/org/slf4j/slf4j-jdk14/2.0.6/slf4j-jdk14-2.0.6-sources.jar
2023-03-19 11:19:03,988 [Worker-43: Debug Source Lookup] INFO  o.e.m.c.i.e.AbstractTransferListenerAdapter - Downloaded https://repo.maven.apache.org/maven2/org/slf4j/slf4j-jdk14/2.0.6/slf4j-jdk14-2.0.6-sources.jar
2023-03-19 11:19:04,136 [Worker-43: Debug Source Lookup] INFO  o.e.m.c.i.e.AbstractTransferListenerAdapter - Downloading https://repo.maven.apache.org/maven2/org/zeromq/jeromq/0.5.3/jeromq-0.5.3-sources.jar
2023-03-19 11:19:04,286 [Worker-43: Debug Source Lookup] INFO  o.e.m.c.i.e.AbstractTransferListenerAdapter - Downloaded https://repo.maven.apache.org/maven2/org/zeromq/jeromq/0.5.3/jeromq-0.5.3-sources.jar
2023-04-01 08:27:38,580 [Worker-5: Loading available Gradle versions] INFO  o.e.b.c.i.u.g.PublishedGradleVersions - Gradle version information cache is out-of-date. Trying to update.
2023-04-01 10:03:13,301 [Worker-0: Loading available Gradle versions] INFO  o.e.b.c.i.u.g.PublishedGradleVersions - Gradle version information cache is up-to-date. Trying to read.
2023-04-02 03:06:37,542 [Worker-4: Loading available Gradle versions] INFO  o.e.b.c.i.u.g.PublishedGradleVersions - Gradle version information cache is up-to-date. Trying to read.
2023-04-02 10:18:52,737 [Worker-5: Loading available Gradle versions] INFO  o.e.b.c.i.u.g.PublishedGradleVersions - Gradle version information cache is out-of-date. Trying to update.
2023-04-08 08:53:31,364 [Worker-5: Loading available Gradle versions] INFO  o.e.b.c.i.u.g.PublishedGradleVersions - Gradle version information cache is out-of-date. Trying to update.
2023-04-08 10:24:06,724 [Worker-30: Creating maven-archetype-quickstart] INFO  o.e.m.c.i.p.ProjectConfigurationManager - Collecting project info '/pom.xml' S:\QA_WEEKEND_BATCH\SamplMvn\pom.xml
2023-04-08 10:24:12,366 [Worker-30: Creating maven-archetype-quickstart] INFO  o.e.m.c.i.l.LifecycleMappingFactory - Using org.eclipse.m2e.jdt.JarLifecycleMapping lifecycle mapping for MavenProject: SamplMvn:SamplMvn:0.0.1-SNAPSHOT @ S:\QA_WEEKEND_BATCH\SamplMvn\pom.xml.
2023-04-08 10:24:13,564 [Worker-30: Creating maven-archetype-quickstart] INFO  o.e.m.j.i.AbstractJavaProjectConfigurator - Adding source folder /SamplMvn/src/main/java
2023-04-08 10:24:13,575 [Worker-30: Creating maven-archetype-quickstart] INFO  o.e.m.j.i.AbstractJavaProjectConfigurator - Adding source folder /SamplMvn/src/test/java
2023-04-08 10:24:14,057 [Worker-30: Creating maven-archetype-quickstart] INFO  o.e.m.c.i.p.ProjectConfigurationManager - Imported and configured 1 project(s) in 7 sec
2023-04-08 10:24:14,963 [Worker-24: Building] INFO  o.e.m.c.i.embedder.EclipseLogger - Using 'UTF-8' encoding to copy filtered resources.
2023-04-08 10:24:14,963 [Worker-24: Building] INFO  o.e.m.c.i.embedder.EclipseLogger - skip non existing resourceDirectory S:\QA_WEEKEND_BATCH\SamplMvn\src\main\resources
2023-04-08 10:24:14,967 [Worker-24: Building] INFO  o.e.m.c.i.embedder.EclipseLogger - Using 'UTF-8' encoding to copy filtered resources.
2023-04-08 10:24:14,967 [Worker-24: Building] INFO  o.e.m.c.i.embedder.EclipseLogger - skip non existing resourceDirectory S:\QA_WEEKEND_BATCH\SamplMvn\src\test\resources
2023-04-08 10:24:41,465 [Worker-24: Building] INFO  o.e.m.c.i.embedder.EclipseLogger - Using 'UTF-8' encoding to copy filtered resources.
2023-04-08 10:24:41,466 [Worker-24: Building] INFO  o.e.m.c.i.embedder.EclipseLogger - skip non existing resourceDirectory S:\QA_WEEKEND_BATCH\SamplMvn\src\main\resources
2023-04-08 10:24:41,470 [Worker-24: Building] INFO  o.e.m.c.i.embedder.EclipseLogger - Using 'UTF-8' encoding to copy filtered resources.
2023-04-08 10:24:41,470 [Worker-24: Building] INFO  o.e.m.c.i.embedder.EclipseLogger - skip non existing resourceDirectory S:\QA_WEEKEND_BATCH\SamplMvn\src\test\resources
2023-04-08 10:24:46,990 [Worker-33: Building] INFO  o.e.m.c.i.embedder.EclipseLogger - Using 'UTF-8' encoding to copy filtered resources.
2023-04-08 10:24:46,990 [Worker-33: Building] INFO  o.e.m.c.i.embedder.EclipseLogger - skip non existing resourceDirectory S:\QA_WEEKEND_BATCH\SamplMvn\src\main\resources
2023-04-08 10:24:46,993 [Worker-33: Building] INFO  o.e.m.c.i.embedder.EclipseLogger - Using 'UTF-8' encoding to copy filtered resources.
2023-04-08 10:24:46,993 [Worker-33: Building] INFO  o.e.m.c.i.embedder.EclipseLogger - skip non existing resourceDirectory S:\QA_WEEKEND_BATCH\SamplMvn\src\test\resources
2023-04-08 10:29:21,430 [Worker-34: Building] INFO  o.e.m.c.i.l.LifecycleMappingFactory - Using org.eclipse.m2e.jdt.JarLifecycleMapping lifecycle mapping for MavenProject: SamplMvn:SamplMvn:0.0.1-SNAPSHOT @ S:\QA_WEEKEND_BATCH\SamplMvn\pom.xml.
2023-04-08 10:29:24,175 [Worker-33: Download sources and javadoc] INFO  o.e.m.c.i.e.AbstractTransferListenerAdapter - Downloading https://repo.maven.apache.org/maven2/org/seleniumhq/selenium/selenium-java/4.8.3/selenium-java-4.8.3-sources.jar
2023-04-08 10:29:24,265 [Worker-33: Download sources and javadoc] INFO  o.e.m.c.i.e.AbstractTransferListenerAdapter - Downloaded https://repo.maven.apache.org/maven2/org/seleniumhq/selenium/selenium-java/4.8.3/selenium-java-4.8.3-sources.jar
2023-04-08 10:29:24,285 [Worker-33: Download sources and javadoc] INFO  o.e.m.j.internal.DownloadSourcesJob - Downloaded sources for org.seleniumhq.selenium:selenium-java:4.8.3
2023-04-08 10:29:24,435 [Worker-33: Download sources and javadoc] INFO  o.e.m.c.i.e.AbstractTransferListenerAdapter - Downloading https://repo.maven.apache.org/maven2/org/seleniumhq/selenium/selenium-api/4.8.3/selenium-api-4.8.3-sources.jar
2023-04-08 10:29:24,574 [Worker-33: Download sources and javadoc] INFO  o.e.m.c.i.e.AbstractTransferListenerAdapter - Downloaded https://repo.maven.apache.org/maven2/org/seleniumhq/selenium/selenium-api/4.8.3/selenium-api-4.8.3-sources.jar
2023-04-08 10:29:24,579 [Worker-33: Download sources and javadoc] INFO  o.e.m.j.internal.DownloadSourcesJob - Downloaded sources for org.seleniumhq.selenium:selenium-api:4.8.3
2023-04-08 10:29:24,719 [Worker-33: Download sources and javadoc] INFO  o.e.m.c.i.e.AbstractTransferListenerAdapter - Downloading https://repo.maven.apache.org/maven2/org/seleniumhq/selenium/selenium-chrome-driver/4.8.3/selenium-chrome-driver-4.8.3-sources.jar
2023-04-08 10:29:24,937 [Worker-33: Download sources and javadoc] INFO  o.e.m.c.i.e.AbstractTransferListenerAdapter - Downloaded https://repo.maven.apache.org/maven2/org/seleniumhq/selenium/selenium-chrome-driver/4.8.3/selenium-chrome-driver-4.8.3-sources.jar
2023-04-08 10:29:24,944 [Worker-33: Download sources and javadoc] INFO  o.e.m.j.internal.DownloadSourcesJob - Downloaded sources for org.seleniumhq.selenium:selenium-chrome-driver:4.8.3
2023-04-08 10:29:25,077 [Worker-33: Download sources and javadoc] INFO  o.e.m.c.i.e.AbstractTransferListenerAdapter - Downloading https://repo.maven.apache.org/maven2/org/seleniumhq/selenium/selenium-chromium-driver/4.8.3/selenium-chromium-driver-4.8.3-sources.jar
2023-04-08 10:29:25,339 [Worker-33: Download sources and javadoc] INFO  o.e.m.c.i.e.AbstractTransferListenerAdapter - Downloaded https://repo.maven.apache.org/maven2/org/seleniumhq/selenium/selenium-chromium-driver/4.8.3/selenium-chromium-driver-4.8.3-sources.jar
2023-04-08 10:29:25,346 [Worker-33: Download sources and javadoc] INFO  o.e.m.j.internal.DownloadSourcesJob - Downloaded sources for org.seleniumhq.selenium:selenium-chromium-driver:4.8.3
2023-04-08 10:29:25,486 [Worker-33: Download sources and javadoc] INFO  o.e.m.c.i.e.AbstractTransferListenerAdapter - Downloading https://repo.maven.apache.org/maven2/org/seleniumhq/selenium/selenium-json/4.8.3/selenium-json-4.8.3-sources.jar
2023-04-08 10:29:25,807 [Worker-33: Download sources and javadoc] INFO  o.e.m.c.i.e.AbstractTransferListenerAdapter - Downloaded https://repo.maven.apache.org/maven2/org/seleniumhq/selenium/selenium-json/4.8.3/selenium-json-4.8.3-sources.jar
2023-04-08 10:29:25,812 [Worker-33: Download sources and javadoc] INFO  o.e.m.j.internal.DownloadSourcesJob - Downloaded sources for org.seleniumhq.selenium:selenium-json:4.8.3
2023-04-08 10:29:25,943 [Worker-33: Download sources and javadoc] INFO  o.e.m.c.i.e.AbstractTransferListenerAdapter - Downloading https://repo.maven.apache.org/maven2/org/seleniumhq/selenium/selenium-manager/4.8.3/selenium-manager-4.8.3-sources.jar
2023-04-08 10:29:26,068 [Worker-33: Download sources and javadoc] INFO  o.e.m.c.i.e.AbstractTransferListenerAdapter - Downloaded https://repo.maven.apache.org/maven2/org/seleniumhq/selenium/selenium-manager/4.8.3/selenium-manager-4.8.3-sources.jar
2023-04-08 10:29:26,081 [Worker-33: Download sources and javadoc] INFO  o.e.m.j.internal.DownloadSourcesJob - Downloaded sources for org.seleniumhq.selenium:selenium-manager:4.8.3
2023-04-08 10:29:26,233 [Worker-33: Download sources and javadoc] INFO  o.e.m.c.i.e.AbstractTransferListenerAdapter - Downloading https://repo.maven.apache.org/maven2/org/seleniumhq/selenium/selenium-devtools-v109/4.8.3/selenium-devtools-v109-4.8.3-sources.jar
2023-04-08 10:29:26,441 [Worker-33: Download sources and javadoc] INFO  o.e.m.c.i.e.AbstractTransferListenerAdapter - Downloaded https://repo.maven.apache.org/maven2/org/seleniumhq/selenium/selenium-devtools-v109/4.8.3/selenium-devtools-v109-4.8.3-sources.jar
2023-04-08 10:29:26,453 [Worker-33: Download sources and javadoc] INFO  o.e.m.j.internal.DownloadSourcesJob - Downloaded sources for org.seleniumhq.selenium:selenium-devtools-v109:4.8.3
2023-04-08 10:29:26,571 [Worker-33: Download sources and javadoc] INFO  o.e.m.c.i.e.AbstractTransferListenerAdapter - Downloading https://repo.maven.apache.org/maven2/org/seleniumhq/selenium/selenium-devtools-v110/4.8.3/selenium-devtools-v110-4.8.3-sources.jar
2023-04-08 10:29:26,766 [Worker-33: Download sources and javadoc] INFO  o.e.m.c.i.e.AbstractTransferListenerAdapter - Downloaded https://repo.maven.apache.org/maven2/org/seleniumhq/selenium/selenium-devtools-v110/4.8.3/selenium-devtools-v110-4.8.3-sources.jar
2023-04-08 10:29:26,774 [Worker-33: Download sources and javadoc] INFO  o.e.m.j.internal.DownloadSourcesJob - Downloaded sources for org.seleniumhq.selenium:selenium-devtools-v110:4.8.3
2023-04-08 10:29:27,017 [Worker-34: Building] INFO  o.e.m.c.i.embedder.EclipseLogger - Using 'UTF-8' encoding to copy filtered resources.
2023-04-08 10:29:27,018 [Worker-34: Building] INFO  o.e.m.c.i.embedder.EclipseLogger - skip non existing resourceDirectory S:\QA_WEEKEND_BATCH\SamplMvn\src\main\resources
2023-04-08 10:29:27,021 [Worker-34: Building] INFO  o.e.m.c.i.embedder.EclipseLogger - Using 'UTF-8' encoding to copy filtered resources.
2023-04-08 10:29:27,021 [Worker-34: Building] INFO  o.e.m.c.i.embedder.EclipseLogger - skip non existing resourceDirectory S:\QA_WEEKEND_BATCH\SamplMvn\src\test\resources
2023-04-08 10:29:27,112 [Worker-33: Download sources and javadoc] INFO  o.e.m.c.i.e.AbstractTransferListenerAdapter - Downloading https://repo.maven.apache.org/maven2/org/seleniumhq/selenium/selenium-devtools-v111/4.8.3/selenium-devtools-v111-4.8.3-sources.jar
2023-04-08 10:29:27,412 [Worker-33: Download sources and javadoc] INFO  o.e.m.c.i.e.AbstractTransferListenerAdapter - Downloaded https://repo.maven.apache.org/maven2/org/seleniumhq/selenium/selenium-devtools-v111/4.8.3/selenium-devtools-v111-4.8.3-sources.jar
2023-04-08 10:29:27,418 [Worker-33: Download sources and javadoc] INFO  o.e.m.j.internal.DownloadSourcesJob - Downloaded sources for org.seleniumhq.selenium:selenium-devtools-v111:4.8.3
2023-04-08 10:29:27,683 [Worker-33: Download sources and javadoc] INFO  o.e.m.c.i.e.AbstractTransferListenerAdapter - Downloading https://repo.maven.apache.org/maven2/org/seleniumhq/selenium/selenium-devtools-v85/4.8.3/selenium-devtools-v85-4.8.3-sources.jar
2023-04-08 10:29:27,971 [Worker-33: Download sources and javadoc] INFO  o.e.m.c.i.e.AbstractTransferListenerAdapter - Downloaded https://repo.maven.apache.org/maven2/org/seleniumhq/selenium/selenium-devtools-v85/4.8.3/selenium-devtools-v85-4.8.3-sources.jar
2023-04-08 10:29:27,977 [Worker-33: Download sources and javadoc] INFO  o.e.m.j.internal.DownloadSourcesJob - Downloaded sources for org.seleniumhq.selenium:selenium-devtools-v85:4.8.3
2023-04-08 10:29:28,101 [Worker-33: Download sources and javadoc] INFO  o.e.m.c.i.e.AbstractTransferListenerAdapter - Downloading https://repo.maven.apache.org/maven2/org/seleniumhq/selenium/selenium-edge-driver/4.8.3/selenium-edge-driver-4.8.3-sources.jar
2023-04-08 10:29:28,281 [Worker-33: Download sources and javadoc] INFO  o.e.m.c.i.e.AbstractTransferListenerAdapter - Downloaded https://repo.maven.apache.org/maven2/org/seleniumhq/selenium/selenium-edge-driver/4.8.3/selenium-edge-driver-4.8.3-sources.jar
2023-04-08 10:29:28,292 [Worker-33: Download sources and javadoc] INFO  o.e.m.j.internal.DownloadSourcesJob - Downloaded sources for org.seleniumhq.selenium:selenium-edge-driver:4.8.3
2023-04-08 10:29:28,441 [Worker-33: Download sources and javadoc] INFO  o.e.m.c.i.e.AbstractTransferListenerAdapter - Downloading https://repo.maven.apache.org/maven2/org/seleniumhq/selenium/selenium-firefox-driver/4.8.3/selenium-firefox-driver-4.8.3-sources.jar
2023-04-08 10:29:28,773 [Worker-33: Download sources and javadoc] INFO  o.e.m.c.i.e.AbstractTransferListenerAdapter - Downloaded https://repo.maven.apache.org/maven2/org/seleniumhq/selenium/selenium-firefox-driver/4.8.3/selenium-firefox-driver-4.8.3-sources.jar
2023-04-08 10:29:28,780 [Worker-33: Download sources and javadoc] INFO  o.e.m.j.internal.DownloadSourcesJob - Downloaded sources for org.seleniumhq.selenium:selenium-firefox-driver:4.8.3
2023-04-08 10:29:28,947 [Worker-33: Download sources and javadoc] INFO  o.e.m.c.i.e.AbstractTransferListenerAdapter - Downloading https://repo.maven.apache.org/maven2/org/seleniumhq/selenium/selenium-http/4.8.3/selenium-http-4.8.3-sources.jar
2023-04-08 10:29:29,293 [Worker-33: Download sources and javadoc] INFO  o.e.m.c.i.e.AbstractTransferListenerAdapter - Downloaded https://repo.maven.apache.org/maven2/org/seleniumhq/selenium/selenium-http/4.8.3/selenium-http-4.8.3-sources.jar
2023-04-08 10:29:29,299 [Worker-33: Download sources and javadoc] INFO  o.e.m.j.internal.DownloadSourcesJob - Downloaded sources for org.seleniumhq.selenium:selenium-http:4.8.3
2023-04-08 10:29:29,473 [Worker-33: Download sources and javadoc] INFO  o.e.m.c.i.e.AbstractTransferListenerAdapter - Downloading https://repo.maven.apache.org/maven2/dev/failsafe/failsafe/3.3.1/failsafe-3.3.1-sources.jar
2023-04-08 10:29:29,605 [Worker-33: Download sources and javadoc] INFO  o.e.m.c.i.e.AbstractTransferListenerAdapter - Downloaded https://repo.maven.apache.org/maven2/dev/failsafe/failsafe/3.3.1/failsafe-3.3.1-sources.jar
2023-04-08 10:29:29,616 [Worker-33: Download sources and javadoc] INFO  o.e.m.j.internal.DownloadSourcesJob - Downloaded sources for dev.failsafe:failsafe:3.3.1
2023-04-08 10:29:29,783 [Worker-33: Download sources and javadoc] INFO  o.e.m.c.i.e.AbstractTransferListenerAdapter - Downloading https://repo.maven.apache.org/maven2/org/seleniumhq/selenium/selenium-ie-driver/4.8.3/selenium-ie-driver-4.8.3-sources.jar
2023-04-08 10:29:29,943 [Worker-33: Download sources and javadoc] INFO  o.e.m.c.i.e.AbstractTransferListenerAdapter - Downloaded https://repo.maven.apache.org/maven2/org/seleniumhq/selenium/selenium-ie-driver/4.8.3/selenium-ie-driver-4.8.3-sources.jar
2023-04-08 10:29:29,959 [Worker-33: Download sources and javadoc] INFO  o.e.m.j.internal.DownloadSourcesJob - Downloaded sources for org.seleniumhq.selenium:selenium-ie-driver:4.8.3
2023-04-08 10:29:30,082 [Worker-33: Download sources and javadoc] INFO  o.e.m.c.i.e.AbstractTransferListenerAdapter - Downloading https://repo.maven.apache.org/maven2/org/seleniumhq/selenium/selenium-remote-driver/4.8.3/selenium-remote-driver-4.8.3-sources.jar
2023-04-08 10:29:30,224 [Worker-33: Download sources and javadoc] INFO  o.e.m.c.i.e.AbstractTransferListenerAdapter - Downloaded https://repo.maven.apache.org/maven2/org/seleniumhq/selenium/selenium-remote-driver/4.8.3/selenium-remote-driver-4.8.3-sources.jar
2023-04-08 10:29:30,228 [Worker-33: Download sources and javadoc] INFO  o.e.m.j.internal.DownloadSourcesJob - Downloaded sources for org.seleniumhq.selenium:selenium-remote-driver:4.8.3
2023-04-08 10:29:30,378 [Worker-33: Download sources and javadoc] INFO  o.e.m.c.i.e.AbstractTransferListenerAdapter - Downloading https://repo.maven.apache.org/maven2/io/netty/netty-buffer/4.1.90.Final/netty-buffer-4.1.90.Final-sources.jar
2023-04-08 10:29:30,528 [Worker-33: Download sources and javadoc] INFO  o.e.m.c.i.e.AbstractTransferListenerAdapter - Downloaded https://repo.maven.apache.org/maven2/io/netty/netty-buffer/4.1.90.Final/netty-buffer-4.1.90.Final-sources.jar
2023-04-08 10:29:30,541 [Worker-33: Download sources and javadoc] INFO  o.e.m.j.internal.DownloadSourcesJob - Downloaded sources for io.netty:netty-buffer:4.1.90.Final
2023-04-08 10:29:30,669 [Worker-33: Download sources and javadoc] INFO  o.e.m.c.i.e.AbstractTransferListenerAdapter - Downloading https://repo.maven.apache.org/maven2/io/netty/netty-codec-http/4.1.90.Final/netty-codec-http-4.1.90.Final-sources.jar
2023-04-08 10:29:30,909 [Worker-33: Download sources and javadoc] INFO  o.e.m.c.i.e.AbstractTransferListenerAdapter - Downloaded https://repo.maven.apache.org/maven2/io/netty/netty-codec-http/4.1.90.Final/netty-codec-http-4.1.90.Final-sources.jar
2023-04-08 10:29:30,915 [Worker-33: Download sources and javadoc] INFO  o.e.m.j.internal.DownloadSourcesJob - Downloaded sources for io.netty:netty-codec-http:4.1.90.Final
2023-04-08 10:29:31,061 [Worker-33: Download sources and javadoc] INFO  o.e.m.c.i.e.AbstractTransferListenerAdapter - Downloading https://repo.maven.apache.org/maven2/io/netty/netty-codec/4.1.90.Final/netty-codec-4.1.90.Final-sources.jar
2023-04-08 10:29:31,220 [Worker-33: Download sources and javadoc] INFO  o.e.m.c.i.e.AbstractTransferListenerAdapter - Downloaded https://repo.maven.apache.org/maven2/io/netty/netty-codec/4.1.90.Final/netty-codec-4.1.90.Final-sources.jar
2023-04-08 10:29:31,235 [Worker-33: Download sources and javadoc] INFO  o.e.m.j.internal.DownloadSourcesJob - Downloaded sources for io.netty:netty-codec:4.1.90.Final
2023-04-08 10:29:31,384 [Worker-33: Download sources and javadoc] INFO  o.e.m.c.i.e.AbstractTransferListenerAdapter - Downloading https://repo.maven.apache.org/maven2/io/netty/netty-handler/4.1.90.Final/netty-handler-4.1.90.Final-sources.jar
2023-04-08 10:29:31,571 [Worker-33: Download sources and javadoc] INFO  o.e.m.c.i.e.AbstractTransferListenerAdapter - Downloaded https://repo.maven.apache.org/maven2/io/netty/netty-handler/4.1.90.Final/netty-handler-4.1.90.Final-sources.jar
2023-04-08 10:29:31,576 [Worker-33: Download sources and javadoc] INFO  o.e.m.j.internal.DownloadSourcesJob - Downloaded sources for io.netty:netty-handler:4.1.90.Final
2023-04-08 10:29:31,767 [Worker-33: Download sources and javadoc] INFO  o.e.m.c.i.e.AbstractTransferListenerAdapter - Downloading https://repo.maven.apache.org/maven2/io/netty/netty-common/4.1.90.Final/netty-common-4.1.90.Final-sources.jar
2023-04-08 10:29:32,114 [Worker-33: Download sources and javadoc] INFO  o.e.m.c.i.e.AbstractTransferListenerAdapter - Downloaded https://repo.maven.apache.org/maven2/io/netty/netty-common/4.1.90.Final/netty-common-4.1.90.Final-sources.jar
2023-04-08 10:29:32,122 [Worker-33: Download sources and javadoc] INFO  o.e.m.j.internal.DownloadSourcesJob - Downloaded sources for io.netty:netty-common:4.1.90.Final
2023-04-08 10:29:32,297 [Worker-33: Download sources and javadoc] INFO  o.e.m.c.i.e.AbstractTransferListenerAdapter - Downloading https://repo.maven.apache.org/maven2/io/netty/netty-transport-classes-epoll/4.1.90.Final/netty-transport-classes-epoll-4.1.90.Final-sources.jar
2023-04-08 10:29:32,427 [Worker-33: Download sources and javadoc] INFO  o.e.m.c.i.e.AbstractTransferListenerAdapter - Downloaded https://repo.maven.apache.org/maven2/io/netty/netty-transport-classes-epoll/4.1.90.Final/netty-transport-classes-epoll-4.1.90.Final-sources.jar
2023-04-08 10:29:32,440 [Worker-33: Download sources and javadoc] INFO  o.e.m.j.internal.DownloadSourcesJob - Downloaded sources for io.netty:netty-transport-classes-epoll:4.1.90.Final
2023-04-08 10:29:32,564 [Worker-33: Download sources and javadoc] INFO  o.e.m.c.i.e.AbstractTransferListenerAdapter - Downloading https://repo.maven.apache.org/maven2/io/netty/netty-transport-classes-kqueue/4.1.90.Final/netty-transport-classes-kqueue-4.1.90.Final-sources.jar
2023-04-08 10:29:32,667 [Worker-33: Download sources and javadoc] INFO  o.e.m.c.i.e.AbstractTransferListenerAdapter - Downloaded https://repo.maven.apache.org/maven2/io/netty/netty-transport-classes-kqueue/4.1.90.Final/netty-transport-classes-kqueue-4.1.90.Final-sources.jar
2023-04-08 10:29:32,678 [Worker-33: Download sources and javadoc] INFO  o.e.m.j.internal.DownloadSourcesJob - Downloaded sources for io.netty:netty-transport-classes-kqueue:4.1.90.Final
2023-04-08 10:29:32,824 [Worker-33: Download sources and javadoc] INFO  o.e.m.c.i.e.AbstractTransferListenerAdapter - Downloading https://repo.maven.apache.org/maven2/io/netty/netty-transport-native-epoll/4.1.90.Final/netty-transport-native-epoll-4.1.90.Final-sources.jar
2023-04-08 10:29:32,946 [Worker-33: Download sources and javadoc] INFO  o.e.m.c.i.e.AbstractTransferListenerAdapter - Downloaded https://repo.maven.apache.org/maven2/io/netty/netty-transport-native-epoll/4.1.90.Final/netty-transport-native-epoll-4.1.90.Final-sources.jar
2023-04-08 10:29:32,952 [Worker-33: Download sources and javadoc] INFO  o.e.m.j.internal.DownloadSourcesJob - Downloaded sources for io.netty:netty-transport-native-epoll:4.1.90.Final
2023-04-08 10:29:33,076 [Worker-33: Download sources and javadoc] INFO  o.e.m.c.i.e.AbstractTransferListenerAdapter - Downloading https://repo.maven.apache.org/maven2/io/netty/netty-transport-native-kqueue/4.1.90.Final/netty-transport-native-kqueue-4.1.90.Final-sources.jar
2023-04-08 10:29:33,208 [Worker-33: Download sources and javadoc] INFO  o.e.m.c.i.e.AbstractTransferListenerAdapter - Downloaded https://repo.maven.apache.org/maven2/io/netty/netty-transport-native-kqueue/4.1.90.Final/netty-transport-native-kqueue-4.1.90.Final-sources.jar
2023-04-08 10:29:33,215 [Worker-33: Download sources and javadoc] INFO  o.e.m.j.internal.DownloadSourcesJob - Downloaded sources for io.netty:netty-transport-native-kqueue:4.1.90.Final
2023-04-08 10:29:33,350 [Worker-33: Download sources and javadoc] INFO  o.e.m.c.i.e.AbstractTransferListenerAdapter - Downloading https://repo.maven.apache.org/maven2/io/netty/netty-transport-native-unix-common/4.1.90.Final/netty-transport-native-unix-common-4.1.90.Final-sources.jar
2023-04-08 10:29:33,449 [Worker-33: Download sources and javadoc] INFO  o.e.m.c.i.e.AbstractTransferListenerAdapter - Downloaded https://repo.maven.apache.org/maven2/io/netty/netty-transport-native-unix-common/4.1.90.Final/netty-transport-native-unix-common-4.1.90.Final-sources.jar
2023-04-08 10:29:33,458 [Worker-33: Download sources and javadoc] INFO  o.e.m.j.internal.DownloadSourcesJob - Downloaded sources for io.netty:netty-transport-native-unix-common:4.1.90.Final
2023-04-08 10:29:33,580 [Worker-33: Download sources and javadoc] INFO  o.e.m.c.i.e.AbstractTransferListenerAdapter - Downloading https://repo.maven.apache.org/maven2/io/netty/netty-transport/4.1.90.Final/netty-transport-4.1.90.Final-sources.jar
2023-04-08 10:29:33,767 [Worker-33: Download sources and javadoc] INFO  o.e.m.c.i.e.AbstractTransferListenerAdapter - Downloaded https://repo.maven.apache.org/maven2/io/netty/netty-transport/4.1.90.Final/netty-transport-4.1.90.Final-sources.jar
2023-04-08 10:29:33,774 [Worker-33: Download sources and javadoc] INFO  o.e.m.j.internal.DownloadSourcesJob - Downloaded sources for io.netty:netty-transport:4.1.90.Final
2023-04-08 10:29:33,973 [Worker-33: Download sources and javadoc] INFO  o.e.m.c.i.e.AbstractTransferListenerAdapter - Downloading https://repo.maven.apache.org/maven2/io/netty/netty-resolver/4.1.90.Final/netty-resolver-4.1.90.Final-sources.jar
2023-04-08 10:29:34,316 [Worker-33: Download sources and javadoc] INFO  o.e.m.c.i.e.AbstractTransferListenerAdapter - Downloaded https://repo.maven.apache.org/maven2/io/netty/netty-resolver/4.1.90.Final/netty-resolver-4.1.90.Final-sources.jar
2023-04-08 10:29:34,323 [Worker-33: Download sources and javadoc] INFO  o.e.m.j.internal.DownloadSourcesJob - Downloaded sources for io.netty:netty-resolver:4.1.90.Final
2023-04-08 10:29:34,468 [Worker-33: Download sources and javadoc] INFO  o.e.m.c.i.e.AbstractTransferListenerAdapter - Downloading https://repo.maven.apache.org/maven2/io/opentelemetry/opentelemetry-api/1.24.0/opentelemetry-api-1.24.0-sources.jar
2023-04-08 10:29:34,586 [Worker-33: Download sources and javadoc] INFO  o.e.m.c.i.e.AbstractTransferListenerAdapter - Downloaded https://repo.maven.apache.org/maven2/io/opentelemetry/opentelemetry-api/1.24.0/opentelemetry-api-1.24.0-sources.jar
2023-04-08 10:29:34,606 [Worker-33: Download sources and javadoc] INFO  o.e.m.j.internal.DownloadSourcesJob - Downloaded sources for io.opentelemetry:opentelemetry-api:1.24.0
2023-04-08 10:29:34,761 [Worker-33: Download sources and javadoc] INFO  o.e.m.c.i.e.AbstractTransferListenerAdapter - Downloading https://repo.maven.apache.org/maven2/io/opentelemetry/opentelemetry-context/1.24.0/opentelemetry-context-1.24.0-sources.jar
2023-04-08 10:29:35,120 [Worker-33: Download sources and javadoc] INFO  o.e.m.c.i.e.AbstractTransferListenerAdapter - Downloaded https://repo.maven.apache.org/maven2/io/opentelemetry/opentelemetry-context/1.24.0/opentelemetry-context-1.24.0-sources.jar
2023-04-08 10:29:35,126 [Worker-33: Download sources and javadoc] INFO  o.e.m.j.internal.DownloadSourcesJob - Downloaded sources for io.opentelemetry:opentelemetry-context:1.24.0
2023-04-08 10:29:35,286 [Worker-33: Download sources and javadoc] INFO  o.e.m.c.i.e.AbstractTransferListenerAdapter - Downloading https://repo.maven.apache.org/maven2/io/opentelemetry/opentelemetry-exporter-logging/1.24.0/opentelemetry-exporter-logging-1.24.0-sources.jar
2023-04-08 10:29:35,478 [Worker-33: Download sources and javadoc] INFO  o.e.m.c.i.e.AbstractTransferListenerAdapter - Downloaded https://repo.maven.apache.org/maven2/io/opentelemetry/opentelemetry-exporter-logging/1.24.0/opentelemetry-exporter-logging-1.24.0-sources.jar
2023-04-08 10:29:35,486 [Worker-33: Download sources and javadoc] INFO  o.e.m.j.internal.DownloadSourcesJob - Downloaded sources for io.opentelemetry:opentelemetry-exporter-logging:1.24.0
2023-04-08 10:29:35,624 [Worker-33: Download sources and javadoc] INFO  o.e.m.c.i.e.AbstractTransferListenerAdapter - Downloading https://repo.maven.apache.org/maven2/io/opentelemetry/opentelemetry-sdk-metrics/1.24.0/opentelemetry-sdk-metrics-1.24.0-sources.jar
2023-04-08 10:29:35,780 [Worker-33: Download sources and javadoc] INFO  o.e.m.c.i.e.AbstractTransferListenerAdapter - Downloaded https://repo.maven.apache.org/maven2/io/opentelemetry/opentelemetry-sdk-metrics/1.24.0/opentelemetry-sdk-metrics-1.24.0-sources.jar
2023-04-08 10:29:35,787 [Worker-33: Download sources and javadoc] INFO  o.e.m.j.internal.DownloadSourcesJob - Downloaded sources for io.opentelemetry:opentelemetry-sdk-metrics:1.24.0
2023-04-08 10:29:35,939 [Worker-33: Download sources and javadoc] INFO  o.e.m.c.i.e.AbstractTransferListenerAdapter - Downloading https://repo.maven.apache.org/maven2/io/opentelemetry/opentelemetry-sdk-logs/1.24.0-alpha/opentelemetry-sdk-logs-1.24.0-alpha-sources.jar
2023-04-08 10:29:36,324 [Worker-33: Download sources and javadoc] INFO  o.e.m.c.i.e.AbstractTransferListenerAdapter - Downloaded https://repo.maven.apache.org/maven2/io/opentelemetry/opentelemetry-sdk-logs/1.24.0-alpha/opentelemetry-sdk-logs-1.24.0-alpha-sources.jar
2023-04-08 10:29:36,329 [Worker-33: Download sources and javadoc] INFO  o.e.m.j.internal.DownloadSourcesJob - Downloaded sources for io.opentelemetry:opentelemetry-sdk-logs:1.24.0-alpha
2023-04-08 10:29:36,500 [Worker-33: Download sources and javadoc] INFO  o.e.m.c.i.e.AbstractTransferListenerAdapter - Downloading https://repo.maven.apache.org/maven2/io/opentelemetry/opentelemetry-api-logs/1.24.0-alpha/opentelemetry-api-logs-1.24.0-alpha-sources.jar
2023-04-08 10:29:36,656 [Worker-33: Download sources and javadoc] INFO  o.e.m.c.i.e.AbstractTransferListenerAdapter - Downloaded https://repo.maven.apache.org/maven2/io/opentelemetry/opentelemetry-api-logs/1.24.0-alpha/opentelemetry-api-logs-1.24.0-alpha-sources.jar
2023-04-08 10:29:36,663 [Worker-33: Download sources and javadoc] INFO  o.e.m.j.internal.DownloadSourcesJob - Downloaded sources for io.opentelemetry:opentelemetry-api-logs:1.24.0-alpha
2023-04-08 10:29:36,821 [Worker-33: Download sources and javadoc] INFO  o.e.m.c.i.e.AbstractTransferListenerAdapter - Downloading https://repo.maven.apache.org/maven2/io/opentelemetry/opentelemetry-api-events/1.24.0-alpha/opentelemetry-api-events-1.24.0-alpha-sources.jar
2023-04-08 10:29:36,945 [Worker-33: Download sources and javadoc] INFO  o.e.m.c.i.e.AbstractTransferListenerAdapter - Downloaded https://repo.maven.apache.org/maven2/io/opentelemetry/opentelemetry-api-events/1.24.0-alpha/opentelemetry-api-events-1.24.0-alpha-sources.jar
2023-04-08 10:29:36,953 [Worker-33: Download sources and javadoc] INFO  o.e.m.j.internal.DownloadSourcesJob - Downloaded sources for io.opentelemetry:opentelemetry-api-events:1.24.0-alpha
2023-04-08 10:29:37,142 [Worker-33: Download sources and javadoc] INFO  o.e.m.c.i.e.AbstractTransferListenerAdapter - Downloading https://repo.maven.apache.org/maven2/io/opentelemetry/opentelemetry-sdk-common/1.24.0/opentelemetry-sdk-common-1.24.0-sources.jar
2023-04-08 10:29:37,504 [Worker-33: Download sources and javadoc] INFO  o.e.m.c.i.e.AbstractTransferListenerAdapter - Downloaded https://repo.maven.apache.org/maven2/io/opentelemetry/opentelemetry-sdk-common/1.24.0/opentelemetry-sdk-common-1.24.0-sources.jar
2023-04-08 10:29:37,510 [Worker-33: Download sources and javadoc] INFO  o.e.m.j.internal.DownloadSourcesJob - Downloaded sources for io.opentelemetry:opentelemetry-sdk-common:1.24.0
2023-04-08 10:29:37,651 [Worker-33: Download sources and javadoc] INFO  o.e.m.c.i.e.AbstractTransferListenerAdapter - Downloading https://repo.maven.apache.org/maven2/io/opentelemetry/opentelemetry-sdk-extension-autoconfigure-spi/1.24.0/opentelemetry-sdk-extension-autoconfigure-spi-1.24.0-sources.jar
2023-04-08 10:29:37,894 [Worker-33: Download sources and javadoc] INFO  o.e.m.c.i.e.AbstractTransferListenerAdapter - Downloaded https://repo.maven.apache.org/maven2/io/opentelemetry/opentelemetry-sdk-extension-autoconfigure-spi/1.24.0/opentelemetry-sdk-extension-autoconfigure-spi-1.24.0-sources.jar
2023-04-08 10:29:37,901 [Worker-33: Download sources and javadoc] INFO  o.e.m.j.internal.DownloadSourcesJob - Downloaded sources for io.opentelemetry:opentelemetry-sdk-extension-autoconfigure-spi:1.24.0
2023-04-08 10:29:38,038 [Worker-33: Download sources and javadoc] INFO  o.e.m.c.i.e.AbstractTransferListenerAdapter - Downloading https://repo.maven.apache.org/maven2/io/opentelemetry/opentelemetry-sdk-extension-autoconfigure/1.24.0-alpha/opentelemetry-sdk-extension-autoconfigure-1.24.0-alpha-sources.jar
2023-04-08 10:29:38,240 [Worker-33: Download sources and javadoc] INFO  o.e.m.c.i.e.AbstractTransferListenerAdapter - Downloaded https://repo.maven.apache.org/maven2/io/opentelemetry/opentelemetry-sdk-extension-autoconfigure/1.24.0-alpha/opentelemetry-sdk-extension-autoconfigure-1.24.0-alpha-sources.jar
2023-04-08 10:29:38,245 [Worker-33: Download sources and javadoc] INFO  o.e.m.j.internal.DownloadSourcesJob - Downloaded sources for io.opentelemetry:opentelemetry-sdk-extension-autoconfigure:1.24.0-alpha
2023-04-08 10:29:38,388 [Worker-33: Download sources and javadoc] INFO  o.e.m.c.i.e.AbstractTransferListenerAdapter - Downloading https://repo.maven.apache.org/maven2/io/opentelemetry/opentelemetry-sdk-trace/1.24.0/opentelemetry-sdk-trace-1.24.0-sources.jar
2023-04-08 10:29:38,511 [Worker-33: Download sources and javadoc] INFO  o.e.m.c.i.e.AbstractTransferListenerAdapter - Downloaded https://repo.maven.apache.org/maven2/io/opentelemetry/opentelemetry-sdk-trace/1.24.0/opentelemetry-sdk-trace-1.24.0-sources.jar
2023-04-08 10:29:38,515 [Worker-33: Download sources and javadoc] INFO  o.e.m.j.internal.DownloadSourcesJob - Downloaded sources for io.opentelemetry:opentelemetry-sdk-trace:1.24.0
2023-04-08 10:29:38,669 [Worker-33: Download sources and javadoc] INFO  o.e.m.c.i.e.AbstractTransferListenerAdapter - Downloading https://repo.maven.apache.org/maven2/io/opentelemetry/opentelemetry-sdk/1.24.0/opentelemetry-sdk-1.24.0-sources.jar
2023-04-08 10:29:38,792 [Worker-33: Download sources and javadoc] INFO  o.e.m.c.i.e.AbstractTransferListenerAdapter - Downloaded https://repo.maven.apache.org/maven2/io/opentelemetry/opentelemetry-sdk/1.24.0/opentelemetry-sdk-1.24.0-sources.jar
2023-04-08 10:29:38,807 [Worker-33: Download sources and javadoc] INFO  o.e.m.j.internal.DownloadSourcesJob - Downloaded sources for io.opentelemetry:opentelemetry-sdk:1.24.0
2023-04-08 10:29:38,961 [Worker-33: Download sources and javadoc] INFO  o.e.m.c.i.e.AbstractTransferListenerAdapter - Downloading https://repo.maven.apache.org/maven2/io/opentelemetry/opentelemetry-semconv/1.24.0-alpha/opentelemetry-semconv-1.24.0-alpha-sources.jar
2023-04-08 10:29:39,095 [Worker-33: Download sources and javadoc] INFO  o.e.m.c.i.e.AbstractTransferListenerAdapter - Downloaded https://repo.maven.apache.org/maven2/io/opentelemetry/opentelemetry-semconv/1.24.0-alpha/opentelemetry-semconv-1.24.0-alpha-sources.jar
2023-04-08 10:29:39,102 [Worker-33: Download sources and javadoc] INFO  o.e.m.j.internal.DownloadSourcesJob - Downloaded sources for io.opentelemetry:opentelemetry-semconv:1.24.0-alpha
2023-04-08 10:29:39,256 [Worker-33: Download sources and javadoc] INFO  o.e.m.c.i.e.AbstractTransferListenerAdapter - Downloading https://repo.maven.apache.org/maven2/net/bytebuddy/byte-buddy/1.14.2/byte-buddy-1.14.2-sources.jar
2023-04-08 10:29:39,631 [Worker-33: Download sources and javadoc] INFO  o.e.m.c.i.e.AbstractTransferListenerAdapter - Downloaded https://repo.maven.apache.org/maven2/net/bytebuddy/byte-buddy/1.14.2/byte-buddy-1.14.2-sources.jar
2023-04-08 10:29:39,638 [Worker-33: Download sources and javadoc] INFO  o.e.m.j.internal.DownloadSourcesJob - Downloaded sources for net.bytebuddy:byte-buddy:1.14.2
2023-04-08 10:29:39,782 [Worker-33: Download sources and javadoc] INFO  o.e.m.c.i.e.AbstractTransferListenerAdapter - Downloading https://repo.maven.apache.org/maven2/org/seleniumhq/selenium/selenium-safari-driver/4.8.3/selenium-safari-driver-4.8.3-sources.jar
2023-04-08 10:29:40,031 [Worker-33: Download sources and javadoc] INFO  o.e.m.c.i.e.AbstractTransferListenerAdapter - Downloaded https://repo.maven.apache.org/maven2/org/seleniumhq/selenium/selenium-safari-driver/4.8.3/selenium-safari-driver-4.8.3-sources.jar
2023-04-08 10:29:40,037 [Worker-33: Download sources and javadoc] INFO  o.e.m.j.internal.DownloadSourcesJob - Downloaded sources for org.seleniumhq.selenium:selenium-safari-driver:4.8.3
2023-04-08 10:29:40,166 [Worker-33: Download sources and javadoc] INFO  o.e.m.c.i.e.AbstractTransferListenerAdapter - Downloading https://repo.maven.apache.org/maven2/org/seleniumhq/selenium/selenium-support/4.8.3/selenium-support-4.8.3-sources.jar
2023-04-08 10:29:40,266 [Worker-33: Download sources and javadoc] INFO  o.e.m.c.i.e.AbstractTransferListenerAdapter - Downloaded https://repo.maven.apache.org/maven2/org/seleniumhq/selenium/selenium-support/4.8.3/selenium-support-4.8.3-sources.jar
2023-04-08 10:29:40,274 [Worker-33: Download sources and javadoc] INFO  o.e.m.j.internal.DownloadSourcesJob - Downloaded sources for org.seleniumhq.selenium:selenium-support:4.8.3
2023-04-08 10:29:40,709 [Worker-30: Building] INFO  o.e.m.c.i.embedder.EclipseLogger - Using 'UTF-8' encoding to copy filtered resources.
2023-04-08 10:29:40,709 [Worker-30: Building] INFO  o.e.m.c.i.embedder.EclipseLogger - skip non existing resourceDirectory S:\QA_WEEKEND_BATCH\SamplMvn\src\main\resources
2023-04-08 10:29:40,711 [Worker-30: Building] INFO  o.e.m.c.i.embedder.EclipseLogger - Using 'UTF-8' encoding to copy filtered resources.
2023-04-08 10:29:40,712 [Worker-30: Building] INFO  o.e.m.c.i.embedder.EclipseLogger - skip non existing resourceDirectory S:\QA_WEEKEND_BATCH\SamplMvn\src\test\resources
2023-04-08 10:30:27,206 [Worker-34: Building] INFO  o.e.m.c.i.l.LifecycleMappingFactory - Using org.eclipse.m2e.jdt.JarLifecycleMapping lifecycle mapping for MavenProject: SamplMvn:SamplMvn:0.0.1-SNAPSHOT @ S:\QA_WEEKEND_BATCH\SamplMvn\pom.xml.
2023-04-08 10:30:29,033 [Worker-34: Building] INFO  o.e.m.c.i.embedder.EclipseLogger - Using 'UTF-8' encoding to copy filtered resources.
2023-04-08 10:30:29,033 [Worker-34: Building] INFO  o.e.m.c.i.embedder.EclipseLogger - skip non existing resourceDirectory S:\QA_WEEKEND_BATCH\SamplMvn\src\main\resources
2023-04-08 10:30:29,038 [Worker-34: Building] INFO  o.e.m.c.i.embedder.EclipseLogger - Using 'UTF-8' encoding to copy filtered resources.
2023-04-08 10:30:29,038 [Worker-34: Building] INFO  o.e.m.c.i.embedder.EclipseLogger - skip non existing resourceDirectory S:\QA_WEEKEND_BATCH\SamplMvn\src\test\resources
2023-04-08 10:30:42,742 [Worker-33: Building] INFO  o.e.m.c.i.l.LifecycleMappingFactory - Using org.eclipse.m2e.jdt.JarLifecycleMapping lifecycle mapping for MavenProject: SamplMvn:SamplMvn:0.0.1-SNAPSHOT @ S:\QA_WEEKEND_BATCH\SamplMvn\pom.xml.
2023-04-08 10:30:43,688 [Worker-33: Building] INFO  o.e.m.c.i.embedder.EclipseLogger - Using 'UTF-8' encoding to copy filtered resources.
2023-04-08 10:30:43,688 [Worker-33: Building] INFO  o.e.m.c.i.embedder.EclipseLogger - skip non existing resourceDirectory S:\QA_WEEKEND_BATCH\SamplMvn\src\main\resources
2023-04-08 10:30:43,691 [Worker-33: Building] INFO  o.e.m.c.i.embedder.EclipseLogger - Using 'UTF-8' encoding to copy filtered resources.
2023-04-08 10:30:43,691 [Worker-33: Building] INFO  o.e.m.c.i.embedder.EclipseLogger - skip non existing resourceDirectory S:\QA_WEEKEND_BATCH\SamplMvn\src\test\resources
2023-04-08 10:31:36,585 [Worker-36: Updating Maven Project] INFO  o.e.m.c.i.p.ProjectConfigurationManager - Update started
2023-04-08 10:31:36,980 [Worker-36: Updating Maven Project] INFO  o.e.m.c.i.l.LifecycleMappingFactory - Using org.eclipse.m2e.jdt.JarLifecycleMapping lifecycle mapping for MavenProject: SamplMvn:SamplMvn:0.0.1-SNAPSHOT @ S:\QA_WEEKEND_BATCH\SamplMvn\pom.xml.
2023-04-08 10:31:37,565 [Worker-36: Updating Maven Project] INFO  o.e.m.j.i.AbstractJavaProjectConfigurator - Adding source folder /SamplMvn/src/main/java
2023-04-08 10:31:37,566 [Worker-36: Updating Maven Project] INFO  o.e.m.j.i.AbstractJavaProjectConfigurator - Adding source folder /SamplMvn/src/test/java
2023-04-08 10:31:37,775 [Worker-36: Updating Maven Project] INFO  o.e.m.c.i.p.ProjectConfigurationManager - Update completed: 1 sec
2023-04-08 10:31:38,148 [Worker-34: Building] INFO  o.e.m.c.i.embedder.EclipseLogger - Using 'UTF-8' encoding to copy filtered resources.
2023-04-08 10:31:38,148 [Worker-34: Building] INFO  o.e.m.c.i.embedder.EclipseLogger - skip non existing resourceDirectory S:\QA_WEEKEND_BATCH\SamplMvn\src\main\resources
2023-04-08 10:31:38,151 [Worker-34: Building] INFO  o.e.m.c.i.embedder.EclipseLogger - Using 'UTF-8' encoding to copy filtered resources.
2023-04-08 10:31:38,151 [Worker-34: Building] INFO  o.e.m.c.i.embedder.EclipseLogger - skip non existing resourceDirectory S:\QA_WEEKEND_BATCH\SamplMvn\src\test\resources
2023-04-08 10:43:36,162 [Worker-37: Creating maven-archetype-quickstart] INFO  o.e.m.c.i.p.ProjectConfigurationManager - Collecting project info '/pom.xml' S:\QA_WEEKEND_BATCH\Sauce_UI_Framework\pom.xml
2023-04-08 10:43:36,277 [Worker-37: Creating maven-archetype-quickstart] INFO  o.e.m.c.i.l.LifecycleMappingFactory - Using org.eclipse.m2e.jdt.JarLifecycleMapping lifecycle mapping for MavenProject: Sauce_UI_Framework:Sauce_UI_Framework:0.0.1-SNAPSHOT @ S:\QA_WEEKEND_BATCH\Sauce_UI_Framework\pom.xml.
2023-04-08 10:43:36,333 [Worker-37: Creating maven-archetype-quickstart] INFO  o.e.m.j.i.AbstractJavaProjectConfigurator - Adding source folder /Sauce_UI_Framework/src/main/java
2023-04-08 10:43:36,344 [Worker-37: Creating maven-archetype-quickstart] INFO  o.e.m.j.i.AbstractJavaProjectConfigurator - Adding source folder /Sauce_UI_Framework/src/test/java
2023-04-08 10:43:36,422 [Worker-37: Creating maven-archetype-quickstart] INFO  o.e.m.c.i.p.ProjectConfigurationManager - Imported and configured 1 project(s) in 0 sec
2023-04-08 10:43:36,741 [Worker-37: Building] INFO  o.e.m.c.i.embedder.EclipseLogger - Using 'UTF-8' encoding to copy filtered resources.
2023-04-08 10:43:36,741 [Worker-37: Building] INFO  o.e.m.c.i.embedder.EclipseLogger - skip non existing resourceDirectory S:\QA_WEEKEND_BATCH\Sauce_UI_Framework\src\main\resources
2023-04-08 10:43:36,743 [Worker-37: Building] INFO  o.e.m.c.i.embedder.EclipseLogger - Using 'UTF-8' encoding to copy filtered resources.
2023-04-08 10:43:36,743 [Worker-37: Building] INFO  o.e.m.c.i.embedder.EclipseLogger - skip non existing resourceDirectory S:\QA_WEEKEND_BATCH\Sauce_UI_Framework\src\test\resources
2023-04-08 10:43:46,761 [Worker-34: Building] INFO  o.e.m.c.i.embedder.EclipseLogger - Using 'UTF-8' encoding to copy filtered resources.
2023-04-08 10:43:46,761 [Worker-34: Building] INFO  o.e.m.c.i.embedder.EclipseLogger - skip non existing resourceDirectory S:\QA_WEEKEND_BATCH\Sauce_UI_Framework\src\main\resources
2023-04-08 10:43:46,763 [Worker-34: Building] INFO  o.e.m.c.i.embedder.EclipseLogger - Using 'UTF-8' encoding to copy filtered resources.
2023-04-08 10:43:46,764 [Worker-34: Building] INFO  o.e.m.c.i.embedder.EclipseLogger - skip non existing resourceDirectory S:\QA_WEEKEND_BATCH\Sauce_UI_Framework\src\test\resources
2023-04-08 10:43:50,938 [Worker-38: Building] INFO  o.e.m.c.i.embedder.EclipseLogger - Using 'UTF-8' encoding to copy filtered resources.
2023-04-08 10:43:50,939 [Worker-38: Building] INFO  o.e.m.c.i.embedder.EclipseLogger - skip non existing resourceDirectory S:\QA_WEEKEND_BATCH\Sauce_UI_Framework\src\main\resources
2023-04-08 10:43:50,941 [Worker-38: Building] INFO  o.e.m.c.i.embedder.EclipseLogger - Using 'UTF-8' encoding to copy filtered resources.
2023-04-08 10:43:50,942 [Worker-38: Building] INFO  o.e.m.c.i.embedder.EclipseLogger - skip non existing resourceDirectory S:\QA_WEEKEND_BATCH\Sauce_UI_Framework\src\test\resources
2023-04-08 10:45:30,649 [Worker-37: Building] INFO  o.e.m.c.i.l.LifecycleMappingFactory - Using org.eclipse.m2e.jdt.JarLifecycleMapping lifecycle mapping for MavenProject: Sauce_UI_Framework:Sauce_UI_Framework:0.0.1-SNAPSHOT @ S:\QA_WEEKEND_BATCH\Sauce_UI_Framework\pom.xml.
2023-04-08 10:45:31,479 [Worker-37: Building] INFO  o.e.m.c.i.embedder.EclipseLogger - Using 'UTF-8' encoding to copy filtered resources.
2023-04-08 10:45:31,479 [Worker-37: Building] INFO  o.e.m.c.i.embedder.EclipseLogger - skip non existing resourceDirectory S:\QA_WEEKEND_BATCH\Sauce_UI_Framework\src\main\resources
2023-04-08 10:45:31,481 [Worker-37: Building] INFO  o.e.m.c.i.embedder.EclipseLogger - Using 'UTF-8' encoding to copy filtered resources.
2023-04-08 10:45:31,481 [Worker-37: Building] INFO  o.e.m.c.i.embedder.EclipseLogger - skip non existing resourceDirectory S:\QA_WEEKEND_BATCH\Sauce_UI_Framework\src\test\resources
2023-04-08 10:45:53,106 [Worker-38: Building] INFO  o.e.m.c.i.embedder.EclipseLogger - Using 'UTF-8' encoding to copy filtered resources.
2023-04-08 10:45:53,106 [Worker-38: Building] INFO  o.e.m.c.i.embedder.EclipseLogger - skip non existing resourceDirectory S:\QA_WEEKEND_BATCH\Sauce_UI_Framework\src\main\resources
2023-04-08 10:45:53,108 [Worker-38: Building] INFO  o.e.m.c.i.embedder.EclipseLogger - Using 'UTF-8' encoding to copy filtered resources.
2023-04-08 10:45:53,108 [Worker-38: Building] INFO  o.e.m.c.i.embedder.EclipseLogger - skip non existing resourceDirectory S:\QA_WEEKEND_BATCH\Sauce_UI_Framework\src\test\resources
2023-04-08 10:46:02,537 [Worker-38: Building] INFO  o.e.m.c.i.embedder.EclipseLogger - Using 'UTF-8' encoding to copy filtered resources.
2023-04-08 10:46:02,537 [Worker-38: Building] INFO  o.e.m.c.i.embedder.EclipseLogger - skip non existing resourceDirectory S:\QA_WEEKEND_BATCH\Sauce_UI_Framework\src\main\resources
2023-04-08 10:46:02,539 [Worker-38: Building] INFO  o.e.m.c.i.embedder.EclipseLogger - Using 'UTF-8' encoding to copy filtered resources.
2023-04-08 10:46:02,540 [Worker-38: Building] INFO  o.e.m.c.i.embedder.EclipseLogger - skip non existing resourceDirectory S:\QA_WEEKEND_BATCH\Sauce_UI_Framework\src\test\resources
2023-04-08 10:46:12,164 [Worker-38: Building] INFO  o.e.m.c.i.embedder.EclipseLogger - Using 'UTF-8' encoding to copy filtered resources.
2023-04-08 10:46:12,165 [Worker-38: Building] INFO  o.e.m.c.i.embedder.EclipseLogger - skip non existing resourceDirectory S:\QA_WEEKEND_BATCH\Sauce_UI_Framework\src\main\resources
2023-04-08 10:46:12,168 [Worker-38: Building] INFO  o.e.m.c.i.embedder.EclipseLogger - Using 'UTF-8' encoding to copy filtered resources.
2023-04-08 10:46:12,169 [Worker-38: Building] INFO  o.e.m.c.i.embedder.EclipseLogger - skip non existing resourceDirectory S:\QA_WEEKEND_BATCH\Sauce_UI_Framework\src\test\resources
2023-04-08 10:46:20,477 [Worker-39: Building] INFO  o.e.m.c.i.embedder.EclipseLogger - Using 'UTF-8' encoding to copy filtered resources.
2023-04-08 10:46:20,477 [Worker-39: Building] INFO  o.e.m.c.i.embedder.EclipseLogger - skip non existing resourceDirectory S:\QA_WEEKEND_BATCH\Sauce_UI_Framework\src\main\resources
2023-04-08 10:46:20,479 [Worker-39: Building] INFO  o.e.m.c.i.embedder.EclipseLogger - Using 'UTF-8' encoding to copy filtered resources.
2023-04-08 10:46:20,479 [Worker-39: Building] INFO  o.e.m.c.i.embedder.EclipseLogger - skip non existing resourceDirectory S:\QA_WEEKEND_BATCH\Sauce_UI_Framework\src\test\resources
2023-04-08 10:46:31,879 [Worker-38: Building] INFO  o.e.m.c.i.embedder.EclipseLogger - Using 'UTF-8' encoding to copy filtered resources.
2023-04-08 10:46:31,879 [Worker-38: Building] INFO  o.e.m.c.i.embedder.EclipseLogger - skip non existing resourceDirectory S:\QA_WEEKEND_BATCH\Sauce_UI_Framework\src\main\resources
2023-04-08 10:46:31,880 [Worker-38: Building] INFO  o.e.m.c.i.embedder.EclipseLogger - Using 'UTF-8' encoding to copy filtered resources.
2023-04-08 10:46:31,880 [Worker-38: Building] INFO  o.e.m.c.i.embedder.EclipseLogger - skip non existing resourceDirectory S:\QA_WEEKEND_BATCH\Sauce_UI_Framework\src\test\resources
2023-04-08 10:46:42,744 [Worker-39: Building] INFO  o.e.m.c.i.embedder.EclipseLogger - Using 'UTF-8' encoding to copy filtered resources.
2023-04-08 10:46:42,745 [Worker-39: Building] INFO  o.e.m.c.i.embedder.EclipseLogger - skip non existing resourceDirectory S:\QA_WEEKEND_BATCH\Sauce_UI_Framework\src\main\resources
2023-04-08 10:46:42,746 [Worker-39: Building] INFO  o.e.m.c.i.embedder.EclipseLogger - Using 'UTF-8' encoding to copy filtered resources.
2023-04-08 10:46:42,746 [Worker-39: Building] INFO  o.e.m.c.i.embedder.EclipseLogger - skip non existing resourceDirectory S:\QA_WEEKEND_BATCH\Sauce_UI_Framework\src\test\resources
2023-04-08 10:46:58,216 [Worker-33: Building] INFO  o.e.m.c.i.embedder.EclipseLogger - Using 'UTF-8' encoding to copy filtered resources.
2023-04-08 10:46:58,217 [Worker-33: Building] INFO  o.e.m.c.i.embedder.EclipseLogger - skip non existing resourceDirectory S:\QA_WEEKEND_BATCH\Sauce_UI_Framework\src\main\resources
2023-04-08 10:46:58,218 [Worker-33: Building] INFO  o.e.m.c.i.embedder.EclipseLogger - Using 'UTF-8' encoding to copy filtered resources.
2023-04-08 10:46:58,218 [Worker-33: Building] INFO  o.e.m.c.i.embedder.EclipseLogger - skip non existing resourceDirectory S:\QA_WEEKEND_BATCH\Sauce_UI_Framework\src\test\resources
2023-04-08 10:47:09,594 [Worker-37: Building] INFO  o.e.m.c.i.embedder.EclipseLogger - Using 'UTF-8' encoding to copy filtered resources.
2023-04-08 10:47:09,594 [Worker-37: Building] INFO  o.e.m.c.i.embedder.EclipseLogger - skip non existing resourceDirectory S:\QA_WEEKEND_BATCH\Sauce_UI_Framework\src\main\resources
2023-04-08 10:47:09,595 [Worker-37: Building] INFO  o.e.m.c.i.embedder.EclipseLogger - Using 'UTF-8' encoding to copy filtered resources.
2023-04-08 10:47:09,596 [Worker-37: Building] INFO  o.e.m.c.i.embedder.EclipseLogger - skip non existing resourceDirectory S:\QA_WEEKEND_BATCH\Sauce_UI_Framework\src\test\resources
2023-04-08 10:47:24,928 [Worker-34: Building] INFO  o.e.m.c.i.embedder.EclipseLogger - Using 'UTF-8' encoding to copy filtered resources.
2023-04-08 10:47:24,928 [Worker-34: Building] INFO  o.e.m.c.i.embedder.EclipseLogger - skip non existing resourceDirectory S:\QA_WEEKEND_BATCH\Sauce_UI_Framework\src\main\resources
2023-04-08 10:47:24,930 [Worker-34: Building] INFO  o.e.m.c.i.embedder.EclipseLogger - Using 'UTF-8' encoding to copy filtered resources.
2023-04-08 10:47:24,930 [Worker-34: Building] INFO  o.e.m.c.i.embedder.EclipseLogger - skip non existing resourceDirectory S:\QA_WEEKEND_BATCH\Sauce_UI_Framework\src\test\resources
2023-04-08 10:48:27,323 [Worker-38: Building] INFO  o.e.m.c.i.embedder.EclipseLogger - Using 'UTF-8' encoding to copy filtered resources.
2023-04-08 10:48:27,323 [Worker-38: Building] INFO  o.e.m.c.i.embedder.EclipseLogger - skip non existing resourceDirectory S:\QA_WEEKEND_BATCH\Sauce_UI_Framework\src\main\resources
2023-04-08 10:48:27,325 [Worker-38: Building] INFO  o.e.m.c.i.embedder.EclipseLogger - Using 'UTF-8' encoding to copy filtered resources.
2023-04-08 10:48:27,325 [Worker-38: Building] INFO  o.e.m.c.i.embedder.EclipseLogger - skip non existing resourceDirectory S:\QA_WEEKEND_BATCH\Sauce_UI_Framework\src\test\resources
2023-04-08 10:51:22,825 [Worker-40: Building] INFO  o.e.m.c.i.embedder.EclipseLogger - Using 'UTF-8' encoding to copy filtered resources.
2023-04-08 10:51:22,826 [Worker-40: Building] INFO  o.e.m.c.i.embedder.EclipseLogger - skip non existing resourceDirectory S:\QA_WEEKEND_BATCH\Sauce_UI_Framework\src\main\resources
2023-04-08 10:51:22,831 [Worker-40: Building] INFO  o.e.m.c.i.embedder.EclipseLogger - Using 'UTF-8' encoding to copy filtered resources.
2023-04-08 10:51:22,832 [Worker-40: Building] INFO  o.e.m.c.i.embedder.EclipseLogger - skip non existing resourceDirectory S:\QA_WEEKEND_BATCH\Sauce_UI_Framework\src\test\resources
2023-04-08 10:53:47,165 [Worker-34: Building] INFO  o.e.m.c.i.embedder.EclipseLogger - Using 'UTF-8' encoding to copy filtered resources.
2023-04-08 10:53:47,166 [Worker-34: Building] INFO  o.e.m.c.i.embedder.EclipseLogger - skip non existing resourceDirectory S:\QA_WEEKEND_BATCH\Sauce_UI_Framework\src\main\resources
2023-04-08 10:53:47,170 [Worker-34: Building] INFO  o.e.m.c.i.embedder.EclipseLogger - Using 'UTF-8' encoding to copy filtered resources.
2023-04-08 10:53:47,170 [Worker-34: Building] INFO  o.e.m.c.i.embedder.EclipseLogger - skip non existing resourceDirectory S:\QA_WEEKEND_BATCH\Sauce_UI_Framework\src\test\resources
2023-04-08 10:57:31,309 [Worker-44: Launching ReadProperites] INFO  o.e.m.c.i.embedder.EclipseLogger - Using 'UTF-8' encoding to copy filtered resources.
2023-04-08 10:57:31,311 [Worker-44: Launching ReadProperites] INFO  o.e.m.c.i.embedder.EclipseLogger - skip non existing resourceDirectory S:\QA_WEEKEND_BATCH\Sauce_UI_Framework\src\main\resources
2023-04-08 10:57:31,314 [Worker-44: Launching ReadProperites] INFO  o.e.m.c.i.embedder.EclipseLogger - Using 'UTF-8' encoding to copy filtered resources.
2023-04-08 10:57:31,314 [Worker-44: Launching ReadProperites] INFO  o.e.m.c.i.embedder.EclipseLogger - skip non existing resourceDirectory S:\QA_WEEKEND_BATCH\Sauce_UI_Framework\src\test\resources
2023-04-08 10:57:45,766 [Worker-46: Launching ReadProperites] INFO  o.e.m.c.i.embedder.EclipseLogger - Using 'UTF-8' encoding to copy filtered resources.
2023-04-08 10:57:45,767 [Worker-46: Launching ReadProperites] INFO  o.e.m.c.i.embedder.EclipseLogger - skip non existing resourceDirectory S:\QA_WEEKEND_BATCH\Sauce_UI_Framework\src\main\resources
2023-04-08 10:57:45,771 [Worker-46: Launching ReadProperites] INFO  o.e.m.c.i.embedder.EclipseLogger - Using 'UTF-8' encoding to copy filtered resources.
2023-04-08 10:57:45,771 [Worker-46: Launching ReadProperites] INFO  o.e.m.c.i.embedder.EclipseLogger - skip non existing resourceDirectory S:\QA_WEEKEND_BATCH\Sauce_UI_Framework\src\test\resources
2023-04-08 10:58:00,174 [Worker-43: Launching ReadProperites] INFO  o.e.m.c.i.embedder.EclipseLogger - Using 'UTF-8' encoding to copy filtered resources.
2023-04-08 10:58:00,175 [Worker-43: Launching ReadProperites] INFO  o.e.m.c.i.embedder.EclipseLogger - skip non existing resourceDirectory S:\QA_WEEKEND_BATCH\Sauce_UI_Framework\src\main\resources
2023-04-08 10:58:00,181 [Worker-43: Launching ReadProperites] INFO  o.e.m.c.i.embedder.EclipseLogger - Using 'UTF-8' encoding to copy filtered resources.
2023-04-08 10:58:00,181 [Worker-43: Launching ReadProperites] INFO  o.e.m.c.i.embedder.EclipseLogger - skip non existing resourceDirectory S:\QA_WEEKEND_BATCH\Sauce_UI_Framework\src\test\resources
2023-04-08 10:58:08,788 [Worker-41: Launching ReadProperites] INFO  o.e.m.c.i.embedder.EclipseLogger - Using 'UTF-8' encoding to copy filtered resources.
2023-04-08 10:58:08,789 [Worker-41: Launching ReadProperites] INFO  o.e.m.c.i.embedder.EclipseLogger - skip non existing resourceDirectory S:\QA_WEEKEND_BATCH\Sauce_UI_Framework\src\main\resources
2023-04-08 10:58:08,793 [Worker-41: Launching ReadProperites] INFO  o.e.m.c.i.embedder.EclipseLogger - Using 'UTF-8' encoding to copy filtered resources.
2023-04-08 10:58:08,793 [Worker-41: Launching ReadProperites] INFO  o.e.m.c.i.embedder.EclipseLogger - skip non existing resourceDirectory S:\QA_WEEKEND_BATCH\Sauce_UI_Framework\src\test\resources
2023-04-08 10:58:23,451 [Worker-42: Launching ReadProperites] INFO  o.e.m.c.i.embedder.EclipseLogger - Using 'UTF-8' encoding to copy filtered resources.
2023-04-08 10:58:23,452 [Worker-42: Launching ReadProperites] INFO  o.e.m.c.i.embedder.EclipseLogger - skip non existing resourceDirectory S:\QA_WEEKEND_BATCH\Sauce_UI_Framework\src\main\resources
2023-04-08 10:58:23,455 [Worker-42: Launching ReadProperites] INFO  o.e.m.c.i.embedder.EclipseLogger - Using 'UTF-8' encoding to copy filtered resources.
2023-04-08 10:58:23,456 [Worker-42: Launching ReadProperites] INFO  o.e.m.c.i.embedder.EclipseLogger - skip non existing resourceDirectory S:\QA_WEEKEND_BATCH\Sauce_UI_Framework\src\test\resources
2023-04-08 10:58:55,319 [Worker-44: Launching ReadProperites] INFO  o.e.m.c.i.embedder.EclipseLogger - Using 'UTF-8' encoding to copy filtered resources.
2023-04-08 10:58:55,319 [Worker-44: Launching ReadProperites] INFO  o.e.m.c.i.embedder.EclipseLogger - skip non existing resourceDirectory S:\QA_WEEKEND_BATCH\Sauce_UI_Framework\src\main\resources
2023-04-08 10:58:55,321 [Worker-44: Launching ReadProperites] INFO  o.e.m.c.i.embedder.EclipseLogger - Using 'UTF-8' encoding to copy filtered resources.
2023-04-08 10:58:55,321 [Worker-44: Launching ReadProperites] INFO  o.e.m.c.i.embedder.EclipseLogger - skip non existing resourceDirectory S:\QA_WEEKEND_BATCH\Sauce_UI_Framework\src\test\resources
2023-04-08 11:00:43,366 [Worker-44: Launching ReadProperites] INFO  o.e.m.c.i.embedder.EclipseLogger - Using 'UTF-8' encoding to copy filtered resources.
2023-04-08 11:00:43,366 [Worker-44: Launching ReadProperites] INFO  o.e.m.c.i.embedder.EclipseLogger - skip non existing resourceDirectory S:\QA_WEEKEND_BATCH\Sauce_UI_Framework\src\main\resources
2023-04-08 11:00:43,369 [Worker-44: Launching ReadProperites] INFO  o.e.m.c.i.embedder.EclipseLogger - Using 'UTF-8' encoding to copy filtered resources.
2023-04-08 11:00:43,370 [Worker-44: Launching ReadProperites] INFO  o.e.m.c.i.embedder.EclipseLogger - skip non existing resourceDirectory S:\QA_WEEKEND_BATCH\Sauce_UI_Framework\src\test\resources
2023-04-08 11:01:01,324 [Worker-45: Launching ReadProperites] INFO  o.e.m.c.i.embedder.EclipseLogger - Using 'UTF-8' encoding to copy filtered resources.
2023-04-08 11:01:01,325 [Worker-45: Launching ReadProperites] INFO  o.e.m.c.i.embedder.EclipseLogger - skip non existing resourceDirectory S:\QA_WEEKEND_BATCH\Sauce_UI_Framework\src\main\resources
2023-04-08 11:01:01,330 [Worker-45: Launching ReadProperites] INFO  o.e.m.c.i.embedder.EclipseLogger - Using 'UTF-8' encoding to copy filtered resources.
2023-04-08 11:01:01,330 [Worker-45: Launching ReadProperites] INFO  o.e.m.c.i.embedder.EclipseLogger - skip non existing resourceDirectory S:\QA_WEEKEND_BATCH\Sauce_UI_Framework\src\test\resources
2023-04-08 11:03:09,937 [Worker-45: Launching ReadProperites] INFO  o.e.m.c.i.embedder.EclipseLogger - Using 'UTF-8' encoding to copy filtered resources.
2023-04-08 11:03:09,938 [Worker-45: Launching ReadProperites] INFO  o.e.m.c.i.embedder.EclipseLogger - skip non existing resourceDirectory S:\QA_WEEKEND_BATCH\Sauce_UI_Framework\src\main\resources
2023-04-08 11:03:09,942 [Worker-45: Launching ReadProperites] INFO  o.e.m.c.i.embedder.EclipseLogger - Using 'UTF-8' encoding to copy filtered resources.
2023-04-08 11:03:09,942 [Worker-45: Launching ReadProperites] INFO  o.e.m.c.i.embedder.EclipseLogger - skip non existing resourceDirectory S:\QA_WEEKEND_BATCH\Sauce_UI_Framework\src\test\resources
2023-04-08 11:03:48,463 [Worker-41: Building] INFO  o.e.m.c.i.embedder.EclipseLogger - Using 'UTF-8' encoding to copy filtered resources.
2023-04-08 11:03:48,463 [Worker-41: Building] INFO  o.e.m.c.i.embedder.EclipseLogger - skip non existing resourceDirectory S:\QA_WEEKEND_BATCH\Sauce_UI_Framework\src\main\resources
2023-04-08 11:03:48,466 [Worker-41: Building] INFO  o.e.m.c.i.embedder.EclipseLogger - Using 'UTF-8' encoding to copy filtered resources.
2023-04-08 11:03:48,467 [Worker-41: Building] INFO  o.e.m.c.i.embedder.EclipseLogger - skip non existing resourceDirectory S:\QA_WEEKEND_BATCH\Sauce_UI_Framework\src\test\resources
2023-04-08 11:08:57,330 [Worker-42: Building] INFO  o.e.m.c.i.embedder.EclipseLogger - Using 'UTF-8' encoding to copy filtered resources.
2023-04-08 11:08:57,330 [Worker-42: Building] INFO  o.e.m.c.i.embedder.EclipseLogger - skip non existing resourceDirectory S:\QA_WEEKEND_BATCH\Sauce_UI_Framework\src\main\resources
2023-04-08 11:08:57,333 [Worker-42: Building] INFO  o.e.m.c.i.embedder.EclipseLogger - Using 'UTF-8' encoding to copy filtered resources.
2023-04-08 11:08:57,334 [Worker-42: Building] INFO  o.e.m.c.i.embedder.EclipseLogger - skip non existing resourceDirectory S:\QA_WEEKEND_BATCH\Sauce_UI_Framework\src\test\resources
2023-04-08 11:09:17,301 [Worker-45: Building] INFO  o.e.m.c.i.embedder.EclipseLogger - Using 'UTF-8' encoding to copy filtered resources.
2023-04-08 11:09:17,302 [Worker-45: Building] INFO  o.e.m.c.i.embedder.EclipseLogger - skip non existing resourceDirectory S:\QA_WEEKEND_BATCH\Sauce_UI_Framework\src\main\resources
2023-04-08 11:09:17,308 [Worker-45: Building] INFO  o.e.m.c.i.embedder.EclipseLogger - Using 'UTF-8' encoding to copy filtered resources.
2023-04-08 11:09:17,308 [Worker-45: Building] INFO  o.e.m.c.i.embedder.EclipseLogger - skip non existing resourceDirectory S:\QA_WEEKEND_BATCH\Sauce_UI_Framework\src\test\resources
2023-04-08 11:09:49,691 [Worker-34: Launching LaunchBrowser (1)] INFO  o.e.m.c.i.embedder.EclipseLogger - Using 'UTF-8' encoding to copy filtered resources.
2023-04-08 11:09:49,691 [Worker-34: Launching LaunchBrowser (1)] INFO  o.e.m.c.i.embedder.EclipseLogger - skip non existing resourceDirectory S:\QA_WEEKEND_BATCH\Sauce_UI_Framework\src\main\resources
2023-04-08 11:09:49,694 [Worker-34: Launching LaunchBrowser (1)] INFO  o.e.m.c.i.embedder.EclipseLogger - Using 'UTF-8' encoding to copy filtered resources.
2023-04-08 11:09:49,695 [Worker-34: Launching LaunchBrowser (1)] INFO  o.e.m.c.i.embedder.EclipseLogger - skip non existing resourceDirectory S:\QA_WEEKEND_BATCH\Sauce_UI_Framework\src\test\resources
2023-04-08 11:10:17,661 [Worker-46: Building] INFO  o.e.m.c.i.embedder.EclipseLogger - Using 'UTF-8' encoding to copy filtered resources.
2023-04-08 11:10:17,661 [Worker-46: Building] INFO  o.e.m.c.i.embedder.EclipseLogger - skip non existing resourceDirectory S:\QA_WEEKEND_BATCH\Sauce_UI_Framework\src\main\resources
2023-04-08 11:10:17,663 [Worker-46: Building] INFO  o.e.m.c.i.embedder.EclipseLogger - Using 'UTF-8' encoding to copy filtered resources.
2023-04-08 11:10:17,663 [Worker-46: Building] INFO  o.e.m.c.i.embedder.EclipseLogger - skip non existing resourceDirectory S:\QA_WEEKEND_BATCH\Sauce_UI_Framework\src\test\resources
2023-04-08 11:13:34,334 [Worker-43: Building] INFO  o.e.m.c.i.embedder.EclipseLogger - Using 'UTF-8' encoding to copy filtered resources.
2023-04-08 11:13:34,335 [Worker-43: Building] INFO  o.e.m.c.i.embedder.EclipseLogger - skip non existing resourceDirectory S:\QA_WEEKEND_BATCH\Sauce_UI_Framework\src\main\resources
2023-04-08 11:13:34,339 [Worker-43: Building] INFO  o.e.m.c.i.embedder.EclipseLogger - Using 'UTF-8' encoding to copy filtered resources.
2023-04-08 11:13:34,339 [Worker-43: Building] INFO  o.e.m.c.i.embedder.EclipseLogger - skip non existing resourceDirectory S:\QA_WEEKEND_BATCH\Sauce_UI_Framework\src\test\resources
2023-04-08 11:14:01,423 [Worker-45: Building] INFO  o.e.m.c.i.embedder.EclipseLogger - Using 'UTF-8' encoding to copy filtered resources.
2023-04-08 11:14:01,424 [Worker-45: Building] INFO  o.e.m.c.i.embedder.EclipseLogger - skip non existing resourceDirectory S:\QA_WEEKEND_BATCH\Sauce_UI_Framework\src\main\resources
2023-04-08 11:14:01,429 [Worker-45: Building] INFO  o.e.m.c.i.embedder.EclipseLogger - Using 'UTF-8' encoding to copy filtered resources.
2023-04-08 11:14:01,429 [Worker-45: Building] INFO  o.e.m.c.i.embedder.EclipseLogger - skip non existing resourceDirectory S:\QA_WEEKEND_BATCH\Sauce_UI_Framework\src\test\resources
2023-04-08 11:18:52,728 [Worker-41: Building] INFO  o.e.m.c.i.embedder.EclipseLogger - Using 'UTF-8' encoding to copy filtered resources.
2023-04-08 11:18:52,730 [Worker-41: Building] INFO  o.e.m.c.i.embedder.EclipseLogger - skip non existing resourceDirectory S:\QA_WEEKEND_BATCH\Sauce_UI_Framework\src\main\resources
2023-04-08 11:18:52,734 [Worker-41: Building] INFO  o.e.m.c.i.embedder.EclipseLogger - Using 'UTF-8' encoding to copy filtered resources.
2023-04-08 11:18:52,735 [Worker-41: Building] INFO  o.e.m.c.i.embedder.EclipseLogger - skip non existing resourceDirectory S:\QA_WEEKEND_BATCH\Sauce_UI_Framework\src\test\resources
2023-04-08 11:20:37,328 [Worker-41: Launching LoginTest] INFO  o.e.m.c.i.embedder.EclipseLogger - Using 'UTF-8' encoding to copy filtered resources.
2023-04-08 11:20:37,328 [Worker-41: Launching LoginTest] INFO  o.e.m.c.i.embedder.EclipseLogger - skip non existing resourceDirectory S:\QA_WEEKEND_BATCH\Sauce_UI_Framework\src\main\resources
2023-04-08 11:20:37,331 [Worker-41: Launching LoginTest] INFO  o.e.m.c.i.embedder.EclipseLogger - Using 'UTF-8' encoding to copy filtered resources.
2023-04-08 11:20:37,332 [Worker-41: Launching LoginTest] INFO  o.e.m.c.i.embedder.EclipseLogger - skip non existing resourceDirectory S:\QA_WEEKEND_BATCH\Sauce_UI_Framework\src\test\resources
2023-04-08 11:22:10,584 [Worker-42: Launching LoginTest] INFO  o.e.m.c.i.embedder.EclipseLogger - Using 'UTF-8' encoding to copy filtered resources.
2023-04-08 11:22:10,585 [Worker-42: Launching LoginTest] INFO  o.e.m.c.i.embedder.EclipseLogger - skip non existing resourceDirectory S:\QA_WEEKEND_BATCH\Sauce_UI_Framework\src\main\resources
2023-04-08 11:22:10,589 [Worker-42: Launching LoginTest] INFO  o.e.m.c.i.embedder.EclipseLogger - Using 'UTF-8' encoding to copy filtered resources.
2023-04-08 11:22:10,589 [Worker-42: Launching LoginTest] INFO  o.e.m.c.i.embedder.EclipseLogger - skip non existing resourceDirectory S:\QA_WEEKEND_BATCH\Sauce_UI_Framework\src\test\resources
2023-04-08 11:23:06,691 [Worker-45: Launching LoginTest] INFO  o.e.m.c.i.embedder.EclipseLogger - Using 'UTF-8' encoding to copy filtered resources.
2023-04-08 11:23:06,692 [Worker-45: Launching LoginTest] INFO  o.e.m.c.i.embedder.EclipseLogger - skip non existing resourceDirectory S:\QA_WEEKEND_BATCH\Sauce_UI_Framework\src\main\resources
2023-04-08 11:23:06,694 [Worker-45: Launching LoginTest] INFO  o.e.m.c.i.embedder.EclipseLogger - Using 'UTF-8' encoding to copy filtered resources.
2023-04-08 11:23:06,695 [Worker-45: Launching LoginTest] INFO  o.e.m.c.i.embedder.EclipseLogger - skip non existing resourceDirectory S:\QA_WEEKEND_BATCH\Sauce_UI_Framework\src\test\resources
2023-04-08 11:23:27,437 [Worker-47: Launching LoginTest] INFO  o.e.m.c.i.embedder.EclipseLogger - Using 'UTF-8' encoding to copy filtered resources.
2023-04-08 11:23:27,438 [Worker-47: Launching LoginTest] INFO  o.e.m.c.i.embedder.EclipseLogger - skip non existing resourceDirectory S:\QA_WEEKEND_BATCH\Sauce_UI_Framework\src\main\resources
2023-04-08 11:23:27,442 [Worker-47: Launching LoginTest] INFO  o.e.m.c.i.embedder.EclipseLogger - Using 'UTF-8' encoding to copy filtered resources.
2023-04-08 11:23:27,443 [Worker-47: Launching LoginTest] INFO  o.e.m.c.i.embedder.EclipseLogger - skip non existing resourceDirectory S:\QA_WEEKEND_BATCH\Sauce_UI_Framework\src\test\resources
2023-04-08 11:26:11,743 [Worker-34: Launching LoginTest] INFO  o.e.m.c.i.embedder.EclipseLogger - Using 'UTF-8' encoding to copy filtered resources.
2023-04-08 11:26:11,744 [Worker-34: Launching LoginTest] INFO  o.e.m.c.i.embedder.EclipseLogger - skip non existing resourceDirectory S:\QA_WEEKEND_BATCH\Sauce_UI_Framework\src\main\resources
2023-04-08 11:26:11,747 [Worker-34: Launching LoginTest] INFO  o.e.m.c.i.embedder.EclipseLogger - Using 'UTF-8' encoding to copy filtered resources.
2023-04-08 11:26:11,748 [Worker-34: Launching LoginTest] INFO  o.e.m.c.i.embedder.EclipseLogger - skip non existing resourceDirectory S:\QA_WEEKEND_BATCH\Sauce_UI_Framework\src\test\resources
2023-04-08 11:26:42,259 [Worker-45: Launching LoginTest] INFO  o.e.m.c.i.embedder.EclipseLogger - Using 'UTF-8' encoding to copy filtered resources.
2023-04-08 11:26:42,261 [Worker-45: Launching LoginTest] INFO  o.e.m.c.i.embedder.EclipseLogger - skip non existing resourceDirectory S:\QA_WEEKEND_BATCH\Sauce_UI_Framework\src\main\resources
2023-04-08 11:26:42,267 [Worker-45: Launching LoginTest] INFO  o.e.m.c.i.embedder.EclipseLogger - Using 'UTF-8' encoding to copy filtered resources.
2023-04-08 11:26:42,268 [Worker-45: Launching LoginTest] INFO  o.e.m.c.i.embedder.EclipseLogger - skip non existing resourceDirectory S:\QA_WEEKEND_BATCH\Sauce_UI_Framework\src\test\resources
2023-04-08 11:27:16,218 [Worker-41: Building] INFO  o.e.m.c.i.embedder.EclipseLogger - Using 'UTF-8' encoding to copy filtered resources.
2023-04-08 11:27:16,219 [Worker-41: Building] INFO  o.e.m.c.i.embedder.EclipseLogger - skip non existing resourceDirectory S:\QA_WEEKEND_BATCH\Sauce_UI_Framework\src\main\resources
2023-04-08 11:27:16,221 [Worker-41: Building] INFO  o.e.m.c.i.embedder.EclipseLogger - Using 'UTF-8' encoding to copy filtered resources.
2023-04-08 11:27:16,222 [Worker-41: Building] INFO  o.e.m.c.i.embedder.EclipseLogger - skip non existing resourceDirectory S:\QA_WEEKEND_BATCH\Sauce_UI_Framework\src\test\resources
2023-04-08 11:28:00,396 [Worker-44: Building] INFO  o.e.m.c.i.embedder.EclipseLogger - Using 'UTF-8' encoding to copy filtered resources.
2023-04-08 11:28:00,396 [Worker-44: Building] INFO  o.e.m.c.i.embedder.EclipseLogger - skip non existing resourceDirectory S:\QA_WEEKEND_BATCH\Sauce_UI_Framework\src\main\resources
2023-04-08 11:28:00,402 [Worker-44: Building] INFO  o.e.m.c.i.embedder.EclipseLogger - Using 'UTF-8' encoding to copy filtered resources.
2023-04-08 11:28:00,402 [Worker-44: Building] INFO  o.e.m.c.i.embedder.EclipseLogger - skip non existing resourceDirectory S:\QA_WEEKEND_BATCH\Sauce_UI_Framework\src\test\resources
2023-04-08 11:31:26,762 [Worker-46: Building] INFO  o.e.m.c.i.embedder.EclipseLogger - Using 'UTF-8' encoding to copy filtered resources.
2023-04-08 11:31:26,763 [Worker-46: Building] INFO  o.e.m.c.i.embedder.EclipseLogger - skip non existing resourceDirectory S:\QA_WEEKEND_BATCH\Sauce_UI_Framework\src\main\resources
2023-04-08 11:31:26,766 [Worker-46: Building] INFO  o.e.m.c.i.embedder.EclipseLogger - Using 'UTF-8' encoding to copy filtered resources.
2023-04-08 11:31:26,766 [Worker-46: Building] INFO  o.e.m.c.i.embedder.EclipseLogger - skip non existing resourceDirectory S:\QA_WEEKEND_BATCH\Sauce_UI_Framework\src\test\resources
2023-04-08 11:31:38,137 [Worker-46: Building] INFO  o.e.m.c.i.embedder.EclipseLogger - Using 'UTF-8' encoding to copy filtered resources.
2023-04-08 11:31:38,138 [Worker-46: Building] INFO  o.e.m.c.i.embedder.EclipseLogger - skip non existing resourceDirectory S:\QA_WEEKEND_BATCH\Sauce_UI_Framework\src\main\resources
2023-04-08 11:31:38,143 [Worker-46: Building] INFO  o.e.m.c.i.embedder.EclipseLogger - Using 'UTF-8' encoding to copy filtered resources.
2023-04-08 11:31:38,144 [Worker-46: Building] INFO  o.e.m.c.i.embedder.EclipseLogger - skip non existing resourceDirectory S:\QA_WEEKEND_BATCH\Sauce_UI_Framework\src\test\resources
2023-04-08 11:33:44,253 [Worker-45: Launching AddtocartTest] INFO  o.e.m.c.i.embedder.EclipseLogger - Using 'UTF-8' encoding to copy filtered resources.
2023-04-08 11:33:44,254 [Worker-45: Launching AddtocartTest] INFO  o.e.m.c.i.embedder.EclipseLogger - skip non existing resourceDirectory S:\QA_WEEKEND_BATCH\Sauce_UI_Framework\src\main\resources
2023-04-08 11:33:44,258 [Worker-45: Launching AddtocartTest] INFO  o.e.m.c.i.embedder.EclipseLogger - Using 'UTF-8' encoding to copy filtered resources.
2023-04-08 11:33:44,258 [Worker-45: Launching AddtocartTest] INFO  o.e.m.c.i.embedder.EclipseLogger - skip non existing resourceDirectory S:\QA_WEEKEND_BATCH\Sauce_UI_Framework\src\test\resources
2023-04-08 11:34:41,471 [Worker-47: Building] INFO  o.e.m.c.i.embedder.EclipseLogger - Using 'UTF-8' encoding to copy filtered resources.
2023-04-08 11:34:41,471 [Worker-47: Building] INFO  o.e.m.c.i.embedder.EclipseLogger - skip non existing resourceDirectory S:\QA_WEEKEND_BATCH\Sauce_UI_Framework\src\main\resources
2023-04-08 11:34:41,475 [Worker-47: Building] INFO  o.e.m.c.i.embedder.EclipseLogger - Using 'UTF-8' encoding to copy filtered resources.
2023-04-08 11:34:41,475 [Worker-47: Building] INFO  o.e.m.c.i.embedder.EclipseLogger - skip non existing resourceDirectory S:\QA_WEEKEND_BATCH\Sauce_UI_Framework\src\test\resources
2023-04-08 11:35:26,978 [Worker-46: Building] INFO  o.e.m.c.i.embedder.EclipseLogger - Using 'UTF-8' encoding to copy filtered resources.
2023-04-08 11:35:26,978 [Worker-46: Building] INFO  o.e.m.c.i.embedder.EclipseLogger - skip non existing resourceDirectory S:\QA_WEEKEND_BATCH\Sauce_UI_Framework\src\main\resources
2023-04-08 11:35:26,980 [Worker-46: Building] INFO  o.e.m.c.i.embedder.EclipseLogger - Using 'UTF-8' encoding to copy filtered resources.
2023-04-08 11:35:26,980 [Worker-46: Building] INFO  o.e.m.c.i.embedder.EclipseLogger - skip non existing resourceDirectory S:\QA_WEEKEND_BATCH\Sauce_UI_Framework\src\test\resources
2023-04-08 11:37:09,761 [Worker-34: Building] INFO  o.e.m.c.i.embedder.EclipseLogger - Using 'UTF-8' encoding to copy filtered resources.
2023-04-08 11:37:09,762 [Worker-34: Building] INFO  o.e.m.c.i.embedder.EclipseLogger - skip non existing resourceDirectory S:\QA_WEEKEND_BATCH\Sauce_UI_Framework\src\main\resources
2023-04-08 11:37:09,765 [Worker-34: Building] INFO  o.e.m.c.i.embedder.EclipseLogger - Using 'UTF-8' encoding to copy filtered resources.
2023-04-08 11:37:09,765 [Worker-34: Building] INFO  o.e.m.c.i.embedder.EclipseLogger - skip non existing resourceDirectory S:\QA_WEEKEND_BATCH\Sauce_UI_Framework\src\test\resources
2023-04-08 11:40:24,765 [Worker-47: Launching TestUtil] INFO  o.e.m.c.i.embedder.EclipseLogger - Using 'UTF-8' encoding to copy filtered resources.
2023-04-08 11:40:24,766 [Worker-47: Launching TestUtil] INFO  o.e.m.c.i.embedder.EclipseLogger - skip non existing resourceDirectory S:\QA_WEEKEND_BATCH\Sauce_UI_Framework\src\main\resources
2023-04-08 11:40:24,768 [Worker-47: Launching TestUtil] INFO  o.e.m.c.i.embedder.EclipseLogger - Using 'UTF-8' encoding to copy filtered resources.
2023-04-08 11:40:24,769 [Worker-47: Launching TestUtil] INFO  o.e.m.c.i.embedder.EclipseLogger - skip non existing resourceDirectory S:\QA_WEEKEND_BATCH\Sauce_UI_Framework\src\test\resources
2023-04-08 11:48:09,405 [Worker-56: Building] INFO  o.e.m.c.i.embedder.EclipseLogger - Using 'UTF-8' encoding to copy filtered resources.
2023-04-08 11:48:09,407 [Worker-56: Building] INFO  o.e.m.c.i.embedder.EclipseLogger - skip non existing resourceDirectory S:\QA_WEEKEND_BATCH\Sauce_UI_Framework\src\main\resources
2023-04-08 11:48:09,409 [Worker-56: Building] INFO  o.e.m.c.i.embedder.EclipseLogger - Using 'UTF-8' encoding to copy filtered resources.
2023-04-08 11:48:09,410 [Worker-56: Building] INFO  o.e.m.c.i.embedder.EclipseLogger - skip non existing resourceDirectory S:\QA_WEEKEND_BATCH\Sauce_UI_Framework\src\test\resources
2023-04-08 11:48:15,892 [Worker-56: Building] INFO  o.e.m.c.i.embedder.EclipseLogger - Using 'UTF-8' encoding to copy filtered resources.
2023-04-08 11:48:15,893 [Worker-56: Building] INFO  o.e.m.c.i.embedder.EclipseLogger - skip non existing resourceDirectory S:\QA_WEEKEND_BATCH\Sauce_UI_Framework\src\main\resources
2023-04-08 11:48:15,895 [Worker-56: Building] INFO  o.e.m.c.i.embedder.EclipseLogger - Using 'UTF-8' encoding to copy filtered resources.
2023-04-08 11:48:15,895 [Worker-56: Building] INFO  o.e.m.c.i.embedder.EclipseLogger - skip non existing resourceDirectory S:\QA_WEEKEND_BATCH\Sauce_UI_Framework\src\test\resources
2023-04-08 11:48:35,519 [Worker-57: Launching LoginTest] INFO  o.e.m.c.i.embedder.EclipseLogger - Using 'UTF-8' encoding to copy filtered resources.
2023-04-08 11:48:35,520 [Worker-57: Launching LoginTest] INFO  o.e.m.c.i.embedder.EclipseLogger - skip non existing resourceDirectory S:\QA_WEEKEND_BATCH\Sauce_UI_Framework\src\main\resources
2023-04-08 11:48:35,525 [Worker-57: Launching LoginTest] INFO  o.e.m.c.i.embedder.EclipseLogger - Using 'UTF-8' encoding to copy filtered resources.
2023-04-08 11:48:35,525 [Worker-57: Launching LoginTest] INFO  o.e.m.c.i.embedder.EclipseLogger - skip non existing resourceDirectory S:\QA_WEEKEND_BATCH\Sauce_UI_Framework\src\test\resources
2023-04-08 11:48:58,556 [Worker-48: Building] INFO  o.e.m.c.i.embedder.EclipseLogger - Using 'UTF-8' encoding to copy filtered resources.
2023-04-08 11:48:58,556 [Worker-48: Building] INFO  o.e.m.c.i.embedder.EclipseLogger - skip non existing resourceDirectory S:\QA_WEEKEND_BATCH\Sauce_UI_Framework\src\main\resources
2023-04-08 11:48:58,558 [Worker-48: Building] INFO  o.e.m.c.i.embedder.EclipseLogger - Using 'UTF-8' encoding to copy filtered resources.
2023-04-08 11:48:58,559 [Worker-48: Building] INFO  o.e.m.c.i.embedder.EclipseLogger - skip non existing resourceDirectory S:\QA_WEEKEND_BATCH\Sauce_UI_Framework\src\test\resources
2023-04-08 11:57:01,548 [Worker-61: Building] INFO  o.e.m.c.i.embedder.EclipseLogger - Using 'UTF-8' encoding to copy filtered resources.
2023-04-08 11:57:01,548 [Worker-61: Building] INFO  o.e.m.c.i.embedder.EclipseLogger - skip non existing resourceDirectory S:\QA_WEEKEND_BATCH\Sauce_UI_Framework\src\main\resources
2023-04-08 11:57:01,553 [Worker-61: Building] INFO  o.e.m.c.i.embedder.EclipseLogger - Using 'UTF-8' encoding to copy filtered resources.
2023-04-08 11:57:01,554 [Worker-61: Building] INFO  o.e.m.c.i.embedder.EclipseLogger - skip non existing resourceDirectory S:\QA_WEEKEND_BATCH\Sauce_UI_Framework\src\test\resources
2023-04-08 11:57:48,066 [Worker-61: Launching Executing test in S__QA_WEEKEND_BATCH_Sauce_UI_Framework] INFO  o.e.m.i.launch.MavenLaunchDelegate - S:\QA_WEEKEND_BATCH\Sauce_UI_Framework
2023-04-08 11:57:48,079 [Worker-61: Launching Executing test in S__QA_WEEKEND_BATCH_Sauce_UI_Framework] INFO  o.e.m.i.launch.MavenLaunchDelegate -  mvn -B test
2023-04-08 11:59:06,356 [Worker-62: Building] INFO  o.e.m.c.i.embedder.EclipseLogger - Using 'UTF-8' encoding to copy filtered resources.
2023-04-08 11:59:06,356 [Worker-62: Building] INFO  o.e.m.c.i.embedder.EclipseLogger - skip non existing resourceDirectory S:\QA_WEEKEND_BATCH\Sauce_UI_Framework\src\main\resources
2023-04-08 11:59:06,358 [Worker-62: Building] INFO  o.e.m.c.i.embedder.EclipseLogger - Using 'UTF-8' encoding to copy filtered resources.
2023-04-08 11:59:06,359 [Worker-62: Building] INFO  o.e.m.c.i.embedder.EclipseLogger - skip non existing resourceDirectory S:\QA_WEEKEND_BATCH\Sauce_UI_Framework\src\test\resources
2023-04-08 11:59:27,598 [Worker-61: Building] INFO  o.e.m.c.i.embedder.EclipseLogger - Using 'UTF-8' encoding to copy filtered resources.
2023-04-08 11:59:27,599 [Worker-61: Building] INFO  o.e.m.c.i.embedder.EclipseLogger - skip non existing resourceDirectory S:\QA_WEEKEND_BATCH\Sauce_UI_Framework\src\main\resources
2023-04-08 11:59:27,603 [Worker-61: Building] INFO  o.e.m.c.i.embedder.EclipseLogger - Using 'UTF-8' encoding to copy filtered resources.
2023-04-08 11:59:27,604 [Worker-61: Building] INFO  o.e.m.c.i.embedder.EclipseLogger - skip non existing resourceDirectory S:\QA_WEEKEND_BATCH\Sauce_UI_Framework\src\test\resources
2023-04-08 11:59:34,970 [Worker-48: Launching Executing test in S__QA_WEEKEND_BATCH_Sauce_UI_Framework] INFO  o.e.m.i.launch.MavenLaunchDelegate - S:\QA_WEEKEND_BATCH\Sauce_UI_Framework
2023-04-08 11:59:34,971 [Worker-48: Launching Executing test in S__QA_WEEKEND_BATCH_Sauce_UI_Framework] INFO  o.e.m.i.launch.MavenLaunchDelegate -  mvn -B test
2023-04-08 12:00:02,841 [Worker-56: Building] INFO  o.e.m.c.i.embedder.EclipseLogger - Using 'UTF-8' encoding to copy filtered resources.
2023-04-08 12:00:02,841 [Worker-56: Building] INFO  o.e.m.c.i.embedder.EclipseLogger - skip non existing resourceDirectory S:\QA_WEEKEND_BATCH\Sauce_UI_Framework\src\main\resources
2023-04-08 12:00:02,844 [Worker-56: Building] INFO  o.e.m.c.i.embedder.EclipseLogger - Using 'UTF-8' encoding to copy filtered resources.
2023-04-08 12:00:02,844 [Worker-56: Building] INFO  o.e.m.c.i.embedder.EclipseLogger - skip non existing resourceDirectory S:\QA_WEEKEND_BATCH\Sauce_UI_Framework\src\test\resources
